07-04-2023 20:31:37.012 [main] INFO  com.vanlinh.qtm.QtmApplication.logStarting - Starting QtmApplication using Java 17.0.6 with PID 28792 (E:\QTM\build\classes\java\main started by Admin in E:\QTM)
07-04-2023 20:31:37.017 [main] INFO  com.vanlinh.qtm.QtmApplication.logStartupProfileInfo - No active profile set, falling back to 1 default profile: "default"
07-04-2023 20:31:38.373 [main] INFO  o.s.b.w.e.tomcat.TomcatWebServer.initialize - Tomcat initialized with port(s): 8912 (http)
07-04-2023 20:31:38.385 [main] INFO  o.a.coyote.http11.Http11NioProtocol.log - Initializing ProtocolHandler ["http-nio-8912"]
07-04-2023 20:31:38.386 [main] INFO  o.a.catalina.core.StandardService.log - Starting service [Tomcat]
07-04-2023 20:31:38.386 [main] INFO  o.a.catalina.core.StandardEngine.log - Starting Servlet engine: [Apache Tomcat/10.1.5]
07-04-2023 20:31:38.494 [main] INFO  o.a.c.c.C.[Tomcat].[localhost].[/].log - Initializing Spring embedded WebApplicationContext
07-04-2023 20:31:38.498 [main] INFO  o.s.b.w.s.c.ServletWebServerApplicationContext.prepareWebApplicationContext - Root WebApplicationContext: initialization completed in 1384 ms
07-04-2023 20:31:38.884 [main] INFO  o.a.coyote.http11.Http11NioProtocol.log - Starting ProtocolHandler ["http-nio-8912"]
07-04-2023 20:31:38.927 [main] INFO  o.s.b.w.e.tomcat.TomcatWebServer.start - Tomcat started on port(s): 8912 (http) with context path ''
07-04-2023 20:31:38.943 [main] INFO  com.vanlinh.qtm.QtmApplication.logStarted - Started QtmApplication in 2.339 seconds (process running for 2.913)
07-04-2023 20:31:38.951 [scheduling-1] WARN  com.ftl.dictionary.Dictionary.<clinit> - Loading configuration file com/ftl/dictionary/Dictionary.dic failed
07-04-2023 20:31:38.956 [scheduling-1] INFO  com.ftl.dictionary.Dictionary.load - Loaded dictionary from file E:\QTM\conf\config.dic
07-04-2023 20:31:38.958 [scheduling-1] INFO  com.ftl.dictionary.Dictionary.load - Loaded dictionary from file E:\QTM\conf\config.dic
07-04-2023 20:31:39.216 [scheduling-1] INFO  com.ftl.dictionary.Dictionary.load - Loaded dictionary from file E:\QTM\conf\config.dic
07-04-2023 20:31:39.614 [scheduling-1] INFO  com.vanlinh.qtm.utils.LoggerUtils.log - Fixed delay task - 1680874299
07-04-2023 20:32:09.616 [scheduling-1] INFO  com.ftl.dictionary.Dictionary.load - Loaded dictionary from file E:\QTM\conf\config.dic
07-04-2023 20:32:09.940 [scheduling-1] INFO  com.vanlinh.qtm.utils.LoggerUtils.log - Fixed delay task - 1680874329
07-04-2023 20:32:39.941 [scheduling-1] INFO  com.ftl.dictionary.Dictionary.load - Loaded dictionary from file E:\QTM\conf\config.dic
07-04-2023 20:32:40.206 [scheduling-1] INFO  com.vanlinh.qtm.utils.LoggerUtils.log - Fixed delay task - 1680874360
07-04-2023 20:33:10.210 [scheduling-1] INFO  com.ftl.dictionary.Dictionary.load - Loaded dictionary from file E:\QTM\conf\config.dic
07-04-2023 20:33:10.537 [scheduling-1] INFO  com.vanlinh.qtm.utils.LoggerUtils.log - Fixed delay task - 1680874390
07-04-2023 20:33:40.552 [scheduling-1] INFO  com.ftl.dictionary.Dictionary.load - Loaded dictionary from file E:\QTM\conf\config.dic
07-04-2023 20:33:40.793 [scheduling-1] INFO  com.vanlinh.qtm.utils.LoggerUtils.log - Fixed delay task - 1680874420
07-04-2023 20:34:10.804 [scheduling-1] INFO  com.ftl.dictionary.Dictionary.load - Loaded dictionary from file E:\QTM\conf\config.dic
07-04-2023 20:34:11.071 [scheduling-1] INFO  com.vanlinh.qtm.utils.LoggerUtils.log - Fixed delay task - 1680874451
07-04-2023 20:34:41.087 [scheduling-1] INFO  com.ftl.dictionary.Dictionary.load - Loaded dictionary from file E:\QTM\conf\config.dic
07-04-2023 20:34:41.459 [scheduling-1] INFO  com.vanlinh.qtm.utils.LoggerUtils.log - Fixed delay task - 1680874481
07-04-2023 20:35:11.463 [scheduling-1] INFO  com.ftl.dictionary.Dictionary.load - Loaded dictionary from file E:\QTM\conf\config.dic
07-04-2023 20:35:11.736 [scheduling-1] INFO  com.vanlinh.qtm.utils.LoggerUtils.log - Fixed delay task - 1680874511
07-04-2023 20:35:41.747 [scheduling-1] INFO  com.ftl.dictionary.Dictionary.load - Loaded dictionary from file E:\QTM\conf\config.dic
07-04-2023 20:35:42.011 [scheduling-1] INFO  com.vanlinh.qtm.utils.LoggerUtils.log - Fixed delay task - 1680874542
07-04-2023 20:36:12.015 [scheduling-1] INFO  com.ftl.dictionary.Dictionary.load - Loaded dictionary from file E:\QTM\conf\config.dic
07-04-2023 20:36:12.266 [scheduling-1] INFO  com.vanlinh.qtm.utils.LoggerUtils.log - Fixed delay task - 1680874572
07-04-2023 20:36:42.268 [scheduling-1] INFO  com.ftl.dictionary.Dictionary.load - Loaded dictionary from file E:\QTM\conf\config.dic
07-04-2023 20:36:42.580 [scheduling-1] INFO  com.vanlinh.qtm.utils.LoggerUtils.log - Fixed delay task - 1680874602
07-04-2023 20:37:12.596 [scheduling-1] INFO  com.ftl.dictionary.Dictionary.load - Loaded dictionary from file E:\QTM\conf\config.dic
07-04-2023 20:37:12.976 [scheduling-1] INFO  com.vanlinh.qtm.utils.LoggerUtils.log - Fixed delay task - 1680874632
07-04-2023 20:37:42.980 [scheduling-1] INFO  com.ftl.dictionary.Dictionary.load - Loaded dictionary from file E:\QTM\conf\config.dic
07-04-2023 20:37:43.470 [scheduling-1] INFO  com.vanlinh.qtm.utils.LoggerUtils.log - Fixed delay task - 1680874663
07-04-2023 20:38:13.483 [scheduling-1] INFO  com.ftl.dictionary.Dictionary.load - Loaded dictionary from file E:\QTM\conf\config.dic
07-04-2023 20:38:13.993 [scheduling-1] INFO  com.vanlinh.qtm.utils.LoggerUtils.log - Fixed delay task - 1680874693
07-04-2023 20:38:43.997 [scheduling-1] INFO  com.ftl.dictionary.Dictionary.load - Loaded dictionary from file E:\QTM\conf\config.dic
07-04-2023 20:38:44.442 [scheduling-1] INFO  com.vanlinh.qtm.utils.LoggerUtils.log - Fixed delay task - 1680874724
07-04-2023 20:39:14.453 [scheduling-1] INFO  com.ftl.dictionary.Dictionary.load - Loaded dictionary from file E:\QTM\conf\config.dic
07-04-2023 20:39:14.905 [scheduling-1] INFO  com.vanlinh.qtm.utils.LoggerUtils.log - Fixed delay task - 1680874754
07-04-2023 20:39:44.922 [scheduling-1] INFO  com.ftl.dictionary.Dictionary.load - Loaded dictionary from file E:\QTM\conf\config.dic
07-04-2023 20:39:45.407 [scheduling-1] INFO  com.vanlinh.qtm.utils.LoggerUtils.log - Fixed delay task - 1680874785
07-04-2023 20:40:15.415 [scheduling-1] INFO  com.ftl.dictionary.Dictionary.load - Loaded dictionary from file E:\QTM\conf\config.dic
07-04-2023 20:40:15.905 [scheduling-1] INFO  com.vanlinh.qtm.utils.LoggerUtils.log - Fixed delay task - 1680874815
07-04-2023 20:40:45.920 [scheduling-1] INFO  com.ftl.dictionary.Dictionary.load - Loaded dictionary from file E:\QTM\conf\config.dic
07-04-2023 20:40:46.428 [scheduling-1] INFO  com.vanlinh.qtm.utils.LoggerUtils.log - Fixed delay task - 1680874846
07-04-2023 20:41:16.444 [scheduling-1] INFO  com.ftl.dictionary.Dictionary.load - Loaded dictionary from file E:\QTM\conf\config.dic
07-04-2023 20:41:16.999 [scheduling-1] INFO  com.vanlinh.qtm.utils.LoggerUtils.log - Fixed delay task - 1680874876
07-04-2023 20:41:47.015 [scheduling-1] INFO  com.ftl.dictionary.Dictionary.load - Loaded dictionary from file E:\QTM\conf\config.dic
07-04-2023 20:41:47.569 [scheduling-1] INFO  com.vanlinh.qtm.utils.LoggerUtils.log - Fixed delay task - 1680874907
07-04-2023 20:42:17.580 [scheduling-1] INFO  com.ftl.dictionary.Dictionary.load - Loaded dictionary from file E:\QTM\conf\config.dic
07-04-2023 20:42:18.055 [scheduling-1] INFO  com.vanlinh.qtm.utils.LoggerUtils.log - Fixed delay task - 1680874938
07-04-2023 20:42:48.067 [scheduling-1] INFO  com.ftl.dictionary.Dictionary.load - Loaded dictionary from file E:\QTM\conf\config.dic
07-04-2023 20:42:48.540 [scheduling-1] INFO  com.vanlinh.qtm.utils.LoggerUtils.log - Fixed delay task - 1680874968
07-04-2023 20:43:18.541 [scheduling-1] INFO  com.ftl.dictionary.Dictionary.load - Loaded dictionary from file E:\QTM\conf\config.dic
07-04-2023 20:43:18.999 [scheduling-1] INFO  com.vanlinh.qtm.utils.LoggerUtils.log - Fixed delay task - 1680874998
07-04-2023 20:43:49.008 [scheduling-1] INFO  com.ftl.dictionary.Dictionary.load - Loaded dictionary from file E:\QTM\conf\config.dic
07-04-2023 20:43:49.513 [scheduling-1] INFO  com.vanlinh.qtm.utils.LoggerUtils.log - Fixed delay task - 1680875029
07-04-2023 20:44:19.523 [scheduling-1] INFO  com.ftl.dictionary.Dictionary.load - Loaded dictionary from file E:\QTM\conf\config.dic
07-04-2023 20:44:19.995 [scheduling-1] INFO  com.vanlinh.qtm.utils.LoggerUtils.log - Fixed delay task - 1680875059
07-04-2023 20:44:50.009 [scheduling-1] INFO  com.ftl.dictionary.Dictionary.load - Loaded dictionary from file E:\QTM\conf\config.dic
07-04-2023 20:44:50.560 [scheduling-1] INFO  com.vanlinh.qtm.utils.LoggerUtils.log - Fixed delay task - 1680875090
07-04-2023 20:45:20.564 [scheduling-1] INFO  com.ftl.dictionary.Dictionary.load - Loaded dictionary from file E:\QTM\conf\config.dic
07-04-2023 20:45:21.035 [scheduling-1] INFO  com.vanlinh.qtm.utils.LoggerUtils.log - Fixed delay task - 1680875121
07-04-2023 20:45:51.042 [scheduling-1] INFO  com.ftl.dictionary.Dictionary.load - Loaded dictionary from file E:\QTM\conf\config.dic
07-04-2023 20:45:51.556 [scheduling-1] INFO  com.vanlinh.qtm.utils.LoggerUtils.log - Fixed delay task - 1680875151
07-04-2023 20:46:21.565 [scheduling-1] INFO  com.ftl.dictionary.Dictionary.load - Loaded dictionary from file E:\QTM\conf\config.dic
07-04-2023 20:46:22.132 [scheduling-1] INFO  com.vanlinh.qtm.utils.LoggerUtils.log - Fixed delay task - 1680875182
07-04-2023 20:46:52.136 [scheduling-1] INFO  com.ftl.dictionary.Dictionary.load - Loaded dictionary from file E:\QTM\conf\config.dic
07-04-2023 20:46:52.657 [scheduling-1] INFO  com.vanlinh.qtm.utils.LoggerUtils.log - Fixed delay task - 1680875212
07-04-2023 20:47:22.672 [scheduling-1] INFO  com.ftl.dictionary.Dictionary.load - Loaded dictionary from file E:\QTM\conf\config.dic
07-04-2023 20:47:23.187 [scheduling-1] INFO  com.vanlinh.qtm.utils.LoggerUtils.log - Fixed delay task - 1680875243
07-04-2023 20:47:53.196 [scheduling-1] INFO  com.ftl.dictionary.Dictionary.load - Loaded dictionary from file E:\QTM\conf\config.dic
07-04-2023 20:47:53.675 [scheduling-1] INFO  com.vanlinh.qtm.utils.LoggerUtils.log - Fixed delay task - 1680875273
07-04-2023 20:48:23.683 [scheduling-1] INFO  com.ftl.dictionary.Dictionary.load - Loaded dictionary from file E:\QTM\conf\config.dic
07-04-2023 20:48:24.175 [scheduling-1] INFO  com.vanlinh.qtm.utils.LoggerUtils.log - Fixed delay task - 1680875304
07-04-2023 20:48:54.182 [scheduling-1] INFO  com.ftl.dictionary.Dictionary.load - Loaded dictionary from file E:\QTM\conf\config.dic
07-04-2023 20:48:54.699 [scheduling-1] INFO  com.vanlinh.qtm.utils.LoggerUtils.log - Fixed delay task - 1680875334
07-04-2023 20:49:24.703 [scheduling-1] INFO  com.ftl.dictionary.Dictionary.load - Loaded dictionary from file E:\QTM\conf\config.dic
07-04-2023 20:49:25.178 [scheduling-1] INFO  com.vanlinh.qtm.utils.LoggerUtils.log - Fixed delay task - 1680875365
07-04-2023 20:49:55.183 [scheduling-1] INFO  com.ftl.dictionary.Dictionary.load - Loaded dictionary from file E:\QTM\conf\config.dic
07-04-2023 20:49:55.651 [scheduling-1] INFO  com.vanlinh.qtm.utils.LoggerUtils.log - Fixed delay task - 1680875395
07-04-2023 20:50:25.667 [scheduling-1] INFO  com.ftl.dictionary.Dictionary.load - Loaded dictionary from file E:\QTM\conf\config.dic
07-04-2023 20:50:26.234 [scheduling-1] INFO  com.vanlinh.qtm.utils.LoggerUtils.log - Fixed delay task - 1680875426
07-04-2023 20:50:56.245 [scheduling-1] INFO  com.ftl.dictionary.Dictionary.load - Loaded dictionary from file E:\QTM\conf\config.dic
07-04-2023 20:50:56.712 [scheduling-1] INFO  com.vanlinh.qtm.utils.LoggerUtils.log - Fixed delay task - 1680875456
07-04-2023 20:51:26.717 [scheduling-1] INFO  com.ftl.dictionary.Dictionary.load - Loaded dictionary from file E:\QTM\conf\config.dic
07-04-2023 20:51:27.298 [scheduling-1] INFO  com.vanlinh.qtm.utils.LoggerUtils.log - Fixed delay task - 1680875487
07-04-2023 20:51:57.309 [scheduling-1] INFO  com.ftl.dictionary.Dictionary.load - Loaded dictionary from file E:\QTM\conf\config.dic
07-04-2023 20:51:57.882 [scheduling-1] INFO  com.vanlinh.qtm.utils.LoggerUtils.log - Fixed delay task - 1680875517
07-04-2023 20:52:27.898 [scheduling-1] INFO  com.ftl.dictionary.Dictionary.load - Loaded dictionary from file E:\QTM\conf\config.dic
07-04-2023 20:52:28.409 [scheduling-1] INFO  com.vanlinh.qtm.utils.LoggerUtils.log - Fixed delay task - 1680875548
07-04-2023 20:52:58.418 [scheduling-1] INFO  com.ftl.dictionary.Dictionary.load - Loaded dictionary from file E:\QTM\conf\config.dic
07-04-2023 20:52:58.962 [scheduling-1] INFO  com.vanlinh.qtm.utils.LoggerUtils.log - Fixed delay task - 1680875578
07-04-2023 20:53:28.967 [scheduling-1] INFO  com.ftl.dictionary.Dictionary.load - Loaded dictionary from file E:\QTM\conf\config.dic
07-04-2023 20:53:29.860 [scheduling-1] INFO  com.vanlinh.qtm.utils.LoggerUtils.log - Fixed delay task - 1680875609
07-04-2023 20:53:59.873 [scheduling-1] INFO  com.ftl.dictionary.Dictionary.load - Loaded dictionary from file E:\QTM\conf\config.dic
07-04-2023 20:54:00.437 [scheduling-1] INFO  com.vanlinh.qtm.utils.LoggerUtils.log - Fixed delay task - 1680875640
07-04-2023 20:54:30.440 [scheduling-1] INFO  com.ftl.dictionary.Dictionary.load - Loaded dictionary from file E:\QTM\conf\config.dic
07-04-2023 20:54:30.988 [scheduling-1] INFO  com.vanlinh.qtm.utils.LoggerUtils.log - Fixed delay task - 1680875670
07-04-2023 20:55:00.999 [scheduling-1] INFO  com.ftl.dictionary.Dictionary.load - Loaded dictionary from file E:\QTM\conf\config.dic
07-04-2023 20:55:01.500 [scheduling-1] INFO  com.vanlinh.qtm.utils.LoggerUtils.log - Fixed delay task - 1680875701
07-04-2023 20:55:31.514 [scheduling-1] INFO  com.ftl.dictionary.Dictionary.load - Loaded dictionary from file E:\QTM\conf\config.dic
07-04-2023 20:55:32.021 [scheduling-1] INFO  com.vanlinh.qtm.utils.LoggerUtils.log - Fixed delay task - 1680875732
07-04-2023 20:56:02.030 [scheduling-1] INFO  com.ftl.dictionary.Dictionary.load - Loaded dictionary from file E:\QTM\conf\config.dic
07-04-2023 20:56:02.555 [scheduling-1] INFO  com.vanlinh.qtm.utils.LoggerUtils.log - Fixed delay task - 1680875762
07-04-2023 20:56:32.561 [scheduling-1] INFO  com.ftl.dictionary.Dictionary.load - Loaded dictionary from file E:\QTM\conf\config.dic
07-04-2023 20:56:33.155 [scheduling-1] INFO  com.vanlinh.qtm.utils.LoggerUtils.log - Fixed delay task - 1680875793
07-04-2023 20:57:03.168 [scheduling-1] INFO  com.ftl.dictionary.Dictionary.load - Loaded dictionary from file E:\QTM\conf\config.dic
07-04-2023 20:57:03.700 [scheduling-1] INFO  com.vanlinh.qtm.utils.LoggerUtils.log - Fixed delay task - 1680875823
07-04-2023 20:57:33.705 [scheduling-1] INFO  com.ftl.dictionary.Dictionary.load - Loaded dictionary from file E:\QTM\conf\config.dic
07-04-2023 20:57:34.328 [scheduling-1] INFO  com.vanlinh.qtm.utils.LoggerUtils.log - Fixed delay task - 1680875854
07-04-2023 20:58:04.332 [scheduling-1] INFO  com.ftl.dictionary.Dictionary.load - Loaded dictionary from file E:\QTM\conf\config.dic
07-04-2023 20:58:04.859 [scheduling-1] INFO  com.vanlinh.qtm.utils.LoggerUtils.log - Fixed delay task - 1680875884
07-04-2023 20:58:34.866 [scheduling-1] INFO  com.ftl.dictionary.Dictionary.load - Loaded dictionary from file E:\QTM\conf\config.dic
07-04-2023 20:58:35.360 [scheduling-1] INFO  com.vanlinh.qtm.utils.LoggerUtils.log - Fixed delay task - 1680875915
07-04-2023 20:59:05.366 [scheduling-1] INFO  com.ftl.dictionary.Dictionary.load - Loaded dictionary from file E:\QTM\conf\config.dic
07-04-2023 20:59:05.897 [scheduling-1] INFO  com.vanlinh.qtm.utils.LoggerUtils.log - Fixed delay task - 1680875945
07-04-2023 20:59:35.905 [scheduling-1] INFO  com.ftl.dictionary.Dictionary.load - Loaded dictionary from file E:\QTM\conf\config.dic
07-04-2023 20:59:36.397 [scheduling-1] INFO  com.vanlinh.qtm.utils.LoggerUtils.log - Fixed delay task - 1680875976
07-04-2023 21:00:06.400 [scheduling-1] INFO  com.ftl.dictionary.Dictionary.load - Loaded dictionary from file E:\QTM\conf\config.dic
07-04-2023 21:00:06.863 [scheduling-1] INFO  com.vanlinh.qtm.utils.LoggerUtils.log - Fixed delay task - 1680876006
07-04-2023 21:00:36.872 [scheduling-1] INFO  com.ftl.dictionary.Dictionary.load - Loaded dictionary from file E:\QTM\conf\config.dic
07-04-2023 21:00:37.466 [scheduling-1] INFO  com.vanlinh.qtm.utils.LoggerUtils.log - Fixed delay task - 1680876037
07-04-2023 21:01:07.477 [scheduling-1] INFO  com.ftl.dictionary.Dictionary.load - Loaded dictionary from file E:\QTM\conf\config.dic
07-04-2023 21:01:07.966 [scheduling-1] INFO  com.vanlinh.qtm.utils.LoggerUtils.log - Fixed delay task - 1680876067
07-04-2023 21:01:37.967 [scheduling-1] INFO  com.ftl.dictionary.Dictionary.load - Loaded dictionary from file E:\QTM\conf\config.dic
07-04-2023 21:01:38.524 [scheduling-1] INFO  com.vanlinh.qtm.utils.LoggerUtils.log - Fixed delay task - 1680876098
07-04-2023 21:02:08.528 [scheduling-1] INFO  com.ftl.dictionary.Dictionary.load - Loaded dictionary from file E:\QTM\conf\config.dic
07-04-2023 21:02:09.034 [scheduling-1] INFO  com.vanlinh.qtm.utils.LoggerUtils.log - Fixed delay task - 1680876129
07-04-2023 21:02:39.041 [scheduling-1] INFO  com.ftl.dictionary.Dictionary.load - Loaded dictionary from file E:\QTM\conf\config.dic
07-04-2023 21:02:39.520 [scheduling-1] INFO  com.vanlinh.qtm.utils.LoggerUtils.log - Fixed delay task - 1680876159
07-04-2023 21:03:09.535 [scheduling-1] INFO  com.ftl.dictionary.Dictionary.load - Loaded dictionary from file E:\QTM\conf\config.dic
07-04-2023 21:03:09.967 [scheduling-1] INFO  com.vanlinh.qtm.utils.LoggerUtils.log - Fixed delay task - 1680876189
07-04-2023 21:03:39.970 [scheduling-1] INFO  com.ftl.dictionary.Dictionary.load - Loaded dictionary from file E:\QTM\conf\config.dic
07-04-2023 21:03:40.471 [scheduling-1] INFO  com.vanlinh.qtm.utils.LoggerUtils.log - Fixed delay task - 1680876220
07-04-2023 21:04:10.480 [scheduling-1] INFO  com.ftl.dictionary.Dictionary.load - Loaded dictionary from file E:\QTM\conf\config.dic
07-04-2023 21:04:11.006 [scheduling-1] INFO  com.vanlinh.qtm.utils.LoggerUtils.log - Fixed delay task - 1680876251
07-04-2023 21:04:41.017 [scheduling-1] INFO  com.ftl.dictionary.Dictionary.load - Loaded dictionary from file E:\QTM\conf\config.dic
07-04-2023 21:04:41.317 [scheduling-1] INFO  com.vanlinh.qtm.utils.LoggerUtils.log - Fixed delay task - 1680876281
07-04-2023 21:05:11.318 [scheduling-1] INFO  com.ftl.dictionary.Dictionary.load - Loaded dictionary from file E:\QTM\conf\config.dic
07-04-2023 21:05:11.757 [scheduling-1] INFO  com.vanlinh.qtm.utils.LoggerUtils.log - Fixed delay task - 1680876311
07-04-2023 21:05:41.763 [scheduling-1] INFO  com.ftl.dictionary.Dictionary.load - Loaded dictionary from file E:\QTM\conf\config.dic
07-04-2023 21:05:42.405 [scheduling-1] INFO  com.vanlinh.qtm.utils.LoggerUtils.log - Fixed delay task - 1680876342
07-04-2023 21:06:12.412 [scheduling-1] INFO  com.ftl.dictionary.Dictionary.load - Loaded dictionary from file E:\QTM\conf\config.dic
07-04-2023 21:06:12.930 [scheduling-1] INFO  com.vanlinh.qtm.utils.LoggerUtils.log - Fixed delay task - 1680876372
07-04-2023 21:06:42.948 [scheduling-1] INFO  com.ftl.dictionary.Dictionary.load - Loaded dictionary from file E:\QTM\conf\config.dic
07-04-2023 21:06:43.483 [scheduling-1] INFO  com.vanlinh.qtm.utils.LoggerUtils.log - Fixed delay task - 1680876403
07-04-2023 21:07:13.487 [scheduling-1] INFO  com.ftl.dictionary.Dictionary.load - Loaded dictionary from file E:\QTM\conf\config.dic
07-04-2023 21:07:14.000 [scheduling-1] INFO  com.vanlinh.qtm.utils.LoggerUtils.log - Fixed delay task - 1680876434
07-04-2023 21:07:44.014 [scheduling-1] INFO  com.ftl.dictionary.Dictionary.load - Loaded dictionary from file E:\QTM\conf\config.dic
07-04-2023 21:07:44.441 [scheduling-1] INFO  com.vanlinh.qtm.utils.LoggerUtils.log - Fixed delay task - 1680876464
07-04-2023 21:08:14.447 [scheduling-1] INFO  com.ftl.dictionary.Dictionary.load - Loaded dictionary from file E:\QTM\conf\config.dic
07-04-2023 21:08:14.918 [scheduling-1] INFO  com.vanlinh.qtm.utils.LoggerUtils.log - Fixed delay task - 1680876494
07-04-2023 21:08:44.925 [scheduling-1] INFO  com.ftl.dictionary.Dictionary.load - Loaded dictionary from file E:\QTM\conf\config.dic
07-04-2023 21:08:45.378 [scheduling-1] INFO  com.vanlinh.qtm.utils.LoggerUtils.log - Fixed delay task - 1680876525
07-04-2023 21:09:15.381 [scheduling-1] INFO  com.ftl.dictionary.Dictionary.load - Loaded dictionary from file E:\QTM\conf\config.dic
07-04-2023 21:09:15.875 [scheduling-1] INFO  com.vanlinh.qtm.utils.LoggerUtils.log - Fixed delay task - 1680876555
07-04-2023 21:09:45.888 [scheduling-1] INFO  com.ftl.dictionary.Dictionary.load - Loaded dictionary from file E:\QTM\conf\config.dic
07-04-2023 21:09:46.460 [scheduling-1] INFO  com.vanlinh.qtm.utils.LoggerUtils.log - Fixed delay task - 1680876586
07-04-2023 21:10:16.468 [scheduling-1] INFO  com.ftl.dictionary.Dictionary.load - Loaded dictionary from file E:\QTM\conf\config.dic
07-04-2023 21:10:17.108 [scheduling-1] INFO  com.vanlinh.qtm.utils.LoggerUtils.log - Fixed delay task - 1680876617
07-04-2023 21:10:47.111 [scheduling-1] INFO  com.ftl.dictionary.Dictionary.load - Loaded dictionary from file E:\QTM\conf\config.dic
07-04-2023 21:10:47.658 [scheduling-1] INFO  com.vanlinh.qtm.utils.LoggerUtils.log - Fixed delay task - 1680876647
07-04-2023 21:11:17.674 [scheduling-1] INFO  com.ftl.dictionary.Dictionary.load - Loaded dictionary from file E:\QTM\conf\config.dic
07-04-2023 21:11:18.136 [scheduling-1] INFO  com.vanlinh.qtm.utils.LoggerUtils.log - Fixed delay task - 1680876678
07-04-2023 21:11:48.147 [scheduling-1] INFO  com.ftl.dictionary.Dictionary.load - Loaded dictionary from file E:\QTM\conf\config.dic
07-04-2023 21:11:48.631 [scheduling-1] INFO  com.vanlinh.qtm.utils.LoggerUtils.log - Fixed delay task - 1680876708
07-04-2023 21:12:18.641 [scheduling-1] INFO  com.ftl.dictionary.Dictionary.load - Loaded dictionary from file E:\QTM\conf\config.dic
07-04-2023 21:12:19.217 [scheduling-1] INFO  com.vanlinh.qtm.utils.LoggerUtils.log - Fixed delay task - 1680876739
07-04-2023 21:12:49.222 [scheduling-1] INFO  com.ftl.dictionary.Dictionary.load - Loaded dictionary from file E:\QTM\conf\config.dic
07-04-2023 21:12:49.683 [scheduling-1] INFO  com.vanlinh.qtm.utils.LoggerUtils.log - Fixed delay task - 1680876769
07-04-2023 21:13:19.698 [scheduling-1] INFO  com.ftl.dictionary.Dictionary.load - Loaded dictionary from file E:\QTM\conf\config.dic
07-04-2023 21:13:20.151 [scheduling-1] INFO  com.vanlinh.qtm.utils.LoggerUtils.log - Fixed delay task - 1680876800
07-04-2023 21:13:50.156 [scheduling-1] INFO  com.ftl.dictionary.Dictionary.load - Loaded dictionary from file E:\QTM\conf\config.dic
07-04-2023 21:13:50.674 [scheduling-1] INFO  com.vanlinh.qtm.utils.LoggerUtils.log - Fixed delay task - 1680876830
07-04-2023 21:14:20.688 [scheduling-1] INFO  com.ftl.dictionary.Dictionary.load - Loaded dictionary from file E:\QTM\conf\config.dic
07-04-2023 21:14:21.165 [scheduling-1] INFO  com.vanlinh.qtm.utils.LoggerUtils.log - Fixed delay task - 1680876861
07-04-2023 21:14:51.182 [scheduling-1] INFO  com.ftl.dictionary.Dictionary.load - Loaded dictionary from file E:\QTM\conf\config.dic
07-04-2023 21:14:51.751 [scheduling-1] INFO  com.vanlinh.qtm.utils.LoggerUtils.log - Fixed delay task - 1680876891
07-04-2023 21:15:21.766 [scheduling-1] INFO  com.ftl.dictionary.Dictionary.load - Loaded dictionary from file E:\QTM\conf\config.dic
07-04-2023 21:15:22.358 [scheduling-1] INFO  com.vanlinh.qtm.utils.LoggerUtils.log - Fixed delay task - 1680876922
07-04-2023 21:15:52.373 [scheduling-1] INFO  com.ftl.dictionary.Dictionary.load - Loaded dictionary from file E:\QTM\conf\config.dic
07-04-2023 21:15:52.976 [scheduling-1] INFO  com.vanlinh.qtm.utils.LoggerUtils.log - Fixed delay task - 1680876952
07-04-2023 21:16:22.992 [scheduling-1] INFO  com.ftl.dictionary.Dictionary.load - Loaded dictionary from file E:\QTM\conf\config.dic
07-04-2023 21:16:23.498 [scheduling-1] INFO  com.vanlinh.qtm.utils.LoggerUtils.log - Fixed delay task - 1680876983
07-04-2023 21:16:53.511 [scheduling-1] INFO  com.ftl.dictionary.Dictionary.load - Loaded dictionary from file E:\QTM\conf\config.dic
07-04-2023 21:16:53.985 [scheduling-1] INFO  com.vanlinh.qtm.utils.LoggerUtils.log - Fixed delay task - 1680877013
07-04-2023 21:17:23.990 [scheduling-1] INFO  com.ftl.dictionary.Dictionary.load - Loaded dictionary from file E:\QTM\conf\config.dic
07-04-2023 21:17:24.533 [scheduling-1] INFO  com.vanlinh.qtm.utils.LoggerUtils.log - Fixed delay task - 1680877044
07-04-2023 21:17:54.543 [scheduling-1] INFO  com.ftl.dictionary.Dictionary.load - Loaded dictionary from file E:\QTM\conf\config.dic
07-04-2023 21:17:54.983 [scheduling-1] INFO  com.vanlinh.qtm.utils.LoggerUtils.log - Fixed delay task - 1680877074
07-04-2023 21:18:24.998 [scheduling-1] INFO  com.ftl.dictionary.Dictionary.load - Loaded dictionary from file E:\QTM\conf\config.dic
07-04-2023 21:18:25.720 [scheduling-1] INFO  com.vanlinh.qtm.utils.LoggerUtils.log - Fixed delay task - 1680877105
07-04-2023 21:18:55.732 [scheduling-1] INFO  com.ftl.dictionary.Dictionary.load - Loaded dictionary from file E:\QTM\conf\config.dic
07-04-2023 21:18:56.274 [scheduling-1] INFO  com.vanlinh.qtm.utils.LoggerUtils.log - Fixed delay task - 1680877136
07-04-2023 21:19:26.287 [scheduling-1] INFO  com.ftl.dictionary.Dictionary.load - Loaded dictionary from file E:\QTM\conf\config.dic
07-04-2023 21:19:26.792 [scheduling-1] INFO  com.vanlinh.qtm.utils.LoggerUtils.log - Fixed delay task - 1680877166
07-04-2023 21:19:56.796 [scheduling-1] INFO  com.ftl.dictionary.Dictionary.load - Loaded dictionary from file E:\QTM\conf\config.dic
07-04-2023 21:19:57.220 [scheduling-1] INFO  com.vanlinh.qtm.utils.LoggerUtils.log - Fixed delay task - 1680877197
07-04-2023 21:20:27.225 [scheduling-1] INFO  com.ftl.dictionary.Dictionary.load - Loaded dictionary from file E:\QTM\conf\config.dic
07-04-2023 21:20:27.756 [scheduling-1] INFO  com.vanlinh.qtm.utils.LoggerUtils.log - Fixed delay task - 1680877227
07-04-2023 21:20:57.773 [scheduling-1] INFO  com.ftl.dictionary.Dictionary.load - Loaded dictionary from file E:\QTM\conf\config.dic
07-04-2023 21:20:58.272 [scheduling-1] INFO  com.vanlinh.qtm.utils.LoggerUtils.log - Fixed delay task - 1680877258
07-04-2023 21:21:28.291 [scheduling-1] INFO  com.ftl.dictionary.Dictionary.load - Loaded dictionary from file E:\QTM\conf\config.dic
07-04-2023 21:21:28.787 [scheduling-1] INFO  com.vanlinh.qtm.utils.LoggerUtils.log - Fixed delay task - 1680877288
07-04-2023 21:21:58.793 [scheduling-1] INFO  com.ftl.dictionary.Dictionary.load - Loaded dictionary from file E:\QTM\conf\config.dic
07-04-2023 21:21:59.228 [scheduling-1] INFO  com.vanlinh.qtm.utils.LoggerUtils.log - Fixed delay task - 1680877319
07-04-2023 21:22:29.232 [scheduling-1] INFO  com.ftl.dictionary.Dictionary.load - Loaded dictionary from file E:\QTM\conf\config.dic
07-04-2023 21:22:29.682 [scheduling-1] INFO  com.vanlinh.qtm.utils.LoggerUtils.log - Fixed delay task - 1680877349
07-04-2023 21:22:59.693 [scheduling-1] INFO  com.ftl.dictionary.Dictionary.load - Loaded dictionary from file E:\QTM\conf\config.dic
07-04-2023 21:23:00.164 [scheduling-1] INFO  com.vanlinh.qtm.utils.LoggerUtils.log - Fixed delay task - 1680877380
07-04-2023 21:23:30.173 [scheduling-1] INFO  com.ftl.dictionary.Dictionary.load - Loaded dictionary from file E:\QTM\conf\config.dic
07-04-2023 21:23:30.659 [scheduling-1] INFO  com.vanlinh.qtm.utils.LoggerUtils.log - Fixed delay task - 1680877410
07-04-2023 21:24:00.670 [scheduling-1] INFO  com.ftl.dictionary.Dictionary.load - Loaded dictionary from file E:\QTM\conf\config.dic
07-04-2023 21:24:01.176 [scheduling-1] INFO  com.vanlinh.qtm.utils.LoggerUtils.log - Fixed delay task - 1680877441
07-04-2023 21:24:31.182 [scheduling-1] INFO  com.ftl.dictionary.Dictionary.load - Loaded dictionary from file E:\QTM\conf\config.dic
07-04-2023 21:24:31.663 [scheduling-1] INFO  com.vanlinh.qtm.utils.LoggerUtils.log - Fixed delay task - 1680877471
07-04-2023 21:25:01.674 [scheduling-1] INFO  com.ftl.dictionary.Dictionary.load - Loaded dictionary from file E:\QTM\conf\config.dic
07-04-2023 21:25:02.176 [scheduling-1] INFO  com.vanlinh.qtm.utils.LoggerUtils.log - Fixed delay task - 1680877502
07-04-2023 21:25:32.186 [scheduling-1] INFO  com.ftl.dictionary.Dictionary.load - Loaded dictionary from file E:\QTM\conf\config.dic
07-04-2023 21:25:32.785 [scheduling-1] INFO  com.vanlinh.qtm.utils.LoggerUtils.log - Fixed delay task - 1680877532
07-04-2023 21:26:02.794 [scheduling-1] INFO  com.ftl.dictionary.Dictionary.load - Loaded dictionary from file E:\QTM\conf\config.dic
07-04-2023 21:26:03.350 [scheduling-1] INFO  com.vanlinh.qtm.utils.LoggerUtils.log - Fixed delay task - 1680877563
07-04-2023 21:26:33.352 [scheduling-1] INFO  com.ftl.dictionary.Dictionary.load - Loaded dictionary from file E:\QTM\conf\config.dic
07-04-2023 21:26:33.844 [scheduling-1] INFO  com.vanlinh.qtm.utils.LoggerUtils.log - Fixed delay task - 1680877593
07-04-2023 21:27:03.859 [scheduling-1] INFO  com.ftl.dictionary.Dictionary.load - Loaded dictionary from file E:\QTM\conf\config.dic
07-04-2023 21:27:04.387 [scheduling-1] INFO  com.vanlinh.qtm.utils.LoggerUtils.log - Fixed delay task - 1680877624
07-04-2023 21:27:34.406 [scheduling-1] INFO  com.ftl.dictionary.Dictionary.load - Loaded dictionary from file E:\QTM\conf\config.dic
07-04-2023 21:27:34.922 [scheduling-1] INFO  com.vanlinh.qtm.utils.LoggerUtils.log - Fixed delay task - 1680877654
07-04-2023 21:28:04.932 [scheduling-1] INFO  com.ftl.dictionary.Dictionary.load - Loaded dictionary from file E:\QTM\conf\config.dic
07-04-2023 21:28:05.497 [scheduling-1] INFO  com.vanlinh.qtm.utils.LoggerUtils.log - Fixed delay task - 1680877685
07-04-2023 21:28:35.502 [scheduling-1] INFO  com.ftl.dictionary.Dictionary.load - Loaded dictionary from file E:\QTM\conf\config.dic
07-04-2023 21:28:35.991 [scheduling-1] INFO  com.vanlinh.qtm.utils.LoggerUtils.log - Fixed delay task - 1680877715
07-04-2023 21:29:05.996 [scheduling-1] INFO  com.ftl.dictionary.Dictionary.load - Loaded dictionary from file E:\QTM\conf\config.dic
07-04-2023 21:29:06.571 [scheduling-1] INFO  com.vanlinh.qtm.utils.LoggerUtils.log - Fixed delay task - 1680877746
07-04-2023 21:29:36.584 [scheduling-1] INFO  com.ftl.dictionary.Dictionary.load - Loaded dictionary from file E:\QTM\conf\config.dic
07-04-2023 21:29:36.822 [scheduling-1] INFO  com.vanlinh.qtm.utils.LoggerUtils.log - Fixed delay task - 1680877776
07-04-2023 21:30:06.830 [scheduling-1] INFO  com.ftl.dictionary.Dictionary.load - Loaded dictionary from file E:\QTM\conf\config.dic
07-04-2023 21:30:07.098 [scheduling-1] INFO  com.vanlinh.qtm.utils.LoggerUtils.log - Fixed delay task - 1680877807
07-04-2023 21:30:37.107 [scheduling-1] INFO  com.ftl.dictionary.Dictionary.load - Loaded dictionary from file E:\QTM\conf\config.dic
07-04-2023 21:30:37.380 [scheduling-1] INFO  com.vanlinh.qtm.utils.LoggerUtils.log - Fixed delay task - 1680877837
07-04-2023 21:31:07.395 [scheduling-1] INFO  com.ftl.dictionary.Dictionary.load - Loaded dictionary from file E:\QTM\conf\config.dic
07-04-2023 21:31:07.663 [scheduling-1] INFO  com.vanlinh.qtm.utils.LoggerUtils.log - Fixed delay task - 1680877867
07-04-2023 21:31:37.673 [scheduling-1] INFO  com.ftl.dictionary.Dictionary.load - Loaded dictionary from file E:\QTM\conf\config.dic
07-04-2023 21:31:37.943 [scheduling-1] INFO  com.vanlinh.qtm.utils.LoggerUtils.log - Fixed delay task - 1680877897
07-04-2023 21:32:07.944 [scheduling-1] INFO  com.ftl.dictionary.Dictionary.load - Loaded dictionary from file E:\QTM\conf\config.dic
07-04-2023 21:32:08.186 [scheduling-1] INFO  com.vanlinh.qtm.utils.LoggerUtils.log - Fixed delay task - 1680877928
07-04-2023 21:32:38.191 [scheduling-1] INFO  com.ftl.dictionary.Dictionary.load - Loaded dictionary from file E:\QTM\conf\config.dic
07-04-2023 21:32:38.435 [scheduling-1] INFO  com.vanlinh.qtm.utils.LoggerUtils.log - Fixed delay task - 1680877958
07-04-2023 21:33:08.445 [scheduling-1] INFO  com.ftl.dictionary.Dictionary.load - Loaded dictionary from file E:\QTM\conf\config.dic
07-04-2023 21:33:08.671 [scheduling-1] INFO  com.vanlinh.qtm.utils.LoggerUtils.log - Fixed delay task - 1680877988
07-04-2023 21:33:38.679 [scheduling-1] INFO  com.ftl.dictionary.Dictionary.load - Loaded dictionary from file E:\QTM\conf\config.dic
07-04-2023 21:33:38.940 [scheduling-1] INFO  com.vanlinh.qtm.utils.LoggerUtils.log - Fixed delay task - 1680878018
07-04-2023 21:34:08.953 [scheduling-1] INFO  com.ftl.dictionary.Dictionary.load - Loaded dictionary from file E:\QTM\conf\config.dic
07-04-2023 21:34:09.222 [scheduling-1] INFO  com.vanlinh.qtm.utils.LoggerUtils.log - Fixed delay task - 1680878049
07-04-2023 21:34:39.230 [scheduling-1] INFO  com.ftl.dictionary.Dictionary.load - Loaded dictionary from file E:\QTM\conf\config.dic
07-04-2023 21:34:39.483 [scheduling-1] INFO  com.vanlinh.qtm.utils.LoggerUtils.log - Fixed delay task - 1680878079
07-04-2023 21:35:09.485 [scheduling-1] INFO  com.ftl.dictionary.Dictionary.load - Loaded dictionary from file E:\QTM\conf\config.dic
07-04-2023 21:35:09.720 [scheduling-1] INFO  com.vanlinh.qtm.utils.LoggerUtils.log - Fixed delay task - 1680878109
07-04-2023 21:35:39.722 [scheduling-1] INFO  com.ftl.dictionary.Dictionary.load - Loaded dictionary from file E:\QTM\conf\config.dic
07-04-2023 21:35:39.960 [scheduling-1] INFO  com.vanlinh.qtm.utils.LoggerUtils.log - Fixed delay task - 1680878139
07-04-2023 21:36:09.974 [scheduling-1] INFO  com.ftl.dictionary.Dictionary.load - Loaded dictionary from file E:\QTM\conf\config.dic
07-04-2023 21:36:10.232 [scheduling-1] INFO  com.vanlinh.qtm.utils.LoggerUtils.log - Fixed delay task - 1680878170
07-04-2023 21:36:40.243 [scheduling-1] INFO  com.ftl.dictionary.Dictionary.load - Loaded dictionary from file E:\QTM\conf\config.dic
07-04-2023 21:36:40.507 [scheduling-1] INFO  com.vanlinh.qtm.utils.LoggerUtils.log - Fixed delay task - 1680878200
07-04-2023 21:37:10.519 [scheduling-1] INFO  com.ftl.dictionary.Dictionary.load - Loaded dictionary from file E:\QTM\conf\config.dic
07-04-2023 21:37:10.783 [scheduling-1] INFO  com.vanlinh.qtm.utils.LoggerUtils.log - Fixed delay task - 1680878230
07-04-2023 21:37:40.796 [scheduling-1] INFO  com.ftl.dictionary.Dictionary.load - Loaded dictionary from file E:\QTM\conf\config.dic
07-04-2023 21:37:41.149 [scheduling-1] INFO  com.vanlinh.qtm.utils.LoggerUtils.log - Fixed delay task - 1680878261
07-04-2023 21:38:11.158 [scheduling-1] INFO  com.ftl.dictionary.Dictionary.load - Loaded dictionary from file E:\QTM\conf\config.dic
07-04-2023 21:38:11.429 [scheduling-1] INFO  com.vanlinh.qtm.utils.LoggerUtils.log - Fixed delay task - 1680878291
07-04-2023 21:38:41.432 [scheduling-1] INFO  com.ftl.dictionary.Dictionary.load - Loaded dictionary from file E:\QTM\conf\config.dic
07-04-2023 21:38:41.727 [scheduling-1] INFO  com.vanlinh.qtm.utils.LoggerUtils.log - Fixed delay task - 1680878321
07-04-2023 21:39:11.739 [scheduling-1] INFO  com.ftl.dictionary.Dictionary.load - Loaded dictionary from file E:\QTM\conf\config.dic
07-04-2023 21:39:12.024 [scheduling-1] INFO  com.vanlinh.qtm.utils.LoggerUtils.log - Fixed delay task - 1680878352
07-04-2023 21:39:42.025 [scheduling-1] INFO  com.ftl.dictionary.Dictionary.load - Loaded dictionary from file E:\QTM\conf\config.dic
07-04-2023 21:39:42.416 [scheduling-1] INFO  com.vanlinh.qtm.utils.LoggerUtils.log - Fixed delay task - 1680878382
07-04-2023 21:40:12.427 [scheduling-1] INFO  com.ftl.dictionary.Dictionary.load - Loaded dictionary from file E:\QTM\conf\config.dic
07-04-2023 21:40:12.691 [scheduling-1] INFO  com.vanlinh.qtm.utils.LoggerUtils.log - Fixed delay task - 1680878412
07-04-2023 21:40:42.703 [scheduling-1] INFO  com.ftl.dictionary.Dictionary.load - Loaded dictionary from file E:\QTM\conf\config.dic
07-04-2023 21:40:42.988 [scheduling-1] INFO  com.vanlinh.qtm.utils.LoggerUtils.log - Fixed delay task - 1680878442
07-04-2023 21:41:12.996 [scheduling-1] INFO  com.ftl.dictionary.Dictionary.load - Loaded dictionary from file E:\QTM\conf\config.dic
07-04-2023 21:41:13.260 [scheduling-1] INFO  com.vanlinh.qtm.utils.LoggerUtils.log - Fixed delay task - 1680878473
07-04-2023 21:41:43.270 [scheduling-1] INFO  com.ftl.dictionary.Dictionary.load - Loaded dictionary from file E:\QTM\conf\config.dic
07-04-2023 21:41:43.522 [scheduling-1] INFO  com.vanlinh.qtm.utils.LoggerUtils.log - Fixed delay task - 1680878503
07-04-2023 21:42:13.534 [scheduling-1] INFO  com.ftl.dictionary.Dictionary.load - Loaded dictionary from file E:\QTM\conf\config.dic
07-04-2023 21:42:13.775 [scheduling-1] INFO  com.vanlinh.qtm.utils.LoggerUtils.log - Fixed delay task - 1680878533
07-04-2023 21:42:43.777 [scheduling-1] INFO  com.ftl.dictionary.Dictionary.load - Loaded dictionary from file E:\QTM\conf\config.dic
07-04-2023 21:42:44.020 [scheduling-1] INFO  com.vanlinh.qtm.utils.LoggerUtils.log - Fixed delay task - 1680878564
07-04-2023 21:43:14.030 [scheduling-1] INFO  com.ftl.dictionary.Dictionary.load - Loaded dictionary from file E:\QTM\conf\config.dic
07-04-2023 21:43:14.274 [scheduling-1] INFO  com.vanlinh.qtm.utils.LoggerUtils.log - Fixed delay task - 1680878594
07-04-2023 21:43:44.280 [scheduling-1] INFO  com.ftl.dictionary.Dictionary.load - Loaded dictionary from file E:\QTM\conf\config.dic
07-04-2023 21:43:44.525 [scheduling-1] INFO  com.vanlinh.qtm.utils.LoggerUtils.log - Fixed delay task - 1680878624
07-04-2023 21:44:14.538 [scheduling-1] INFO  com.ftl.dictionary.Dictionary.load - Loaded dictionary from file E:\QTM\conf\config.dic
07-04-2023 21:44:14.784 [scheduling-1] INFO  com.vanlinh.qtm.utils.LoggerUtils.log - Fixed delay task - 1680878654
07-04-2023 21:44:44.786 [scheduling-1] INFO  com.ftl.dictionary.Dictionary.load - Loaded dictionary from file E:\QTM\conf\config.dic
07-04-2023 21:44:45.050 [scheduling-1] INFO  com.vanlinh.qtm.utils.LoggerUtils.log - Fixed delay task - 1680878685
07-04-2023 21:45:15.053 [scheduling-1] INFO  com.ftl.dictionary.Dictionary.load - Loaded dictionary from file E:\QTM\conf\config.dic
07-04-2023 21:45:15.322 [scheduling-1] INFO  com.vanlinh.qtm.utils.LoggerUtils.log - Fixed delay task - 1680878715
07-04-2023 21:45:45.332 [scheduling-1] INFO  com.ftl.dictionary.Dictionary.load - Loaded dictionary from file E:\QTM\conf\config.dic
07-04-2023 21:45:45.581 [scheduling-1] INFO  com.vanlinh.qtm.utils.LoggerUtils.log - Fixed delay task - 1680878745
07-04-2023 21:46:15.582 [scheduling-1] INFO  com.ftl.dictionary.Dictionary.load - Loaded dictionary from file E:\QTM\conf\config.dic
07-04-2023 21:46:15.850 [scheduling-1] INFO  com.vanlinh.qtm.utils.LoggerUtils.log - Fixed delay task - 1680878775
07-04-2023 21:46:45.852 [scheduling-1] INFO  com.ftl.dictionary.Dictionary.load - Loaded dictionary from file E:\QTM\conf\config.dic
07-04-2023 21:46:46.114 [scheduling-1] INFO  com.vanlinh.qtm.utils.LoggerUtils.log - Fixed delay task - 1680878806
07-04-2023 21:47:16.117 [scheduling-1] INFO  com.ftl.dictionary.Dictionary.load - Loaded dictionary from file E:\QTM\conf\config.dic
07-04-2023 21:47:16.376 [scheduling-1] INFO  com.vanlinh.qtm.utils.LoggerUtils.log - Fixed delay task - 1680878836
07-04-2023 21:47:46.383 [scheduling-1] INFO  com.ftl.dictionary.Dictionary.load - Loaded dictionary from file E:\QTM\conf\config.dic
07-04-2023 21:47:46.645 [scheduling-1] INFO  com.vanlinh.qtm.utils.LoggerUtils.log - Fixed delay task - 1680878866
07-04-2023 21:48:16.657 [scheduling-1] INFO  com.ftl.dictionary.Dictionary.load - Loaded dictionary from file E:\QTM\conf\config.dic
07-04-2023 21:48:16.906 [scheduling-1] INFO  com.vanlinh.qtm.utils.LoggerUtils.log - Fixed delay task - 1680878896
07-04-2023 21:48:46.910 [scheduling-1] INFO  com.ftl.dictionary.Dictionary.load - Loaded dictionary from file E:\QTM\conf\config.dic
07-04-2023 21:48:47.163 [scheduling-1] INFO  com.vanlinh.qtm.utils.LoggerUtils.log - Fixed delay task - 1680878927
07-04-2023 21:49:17.165 [scheduling-1] INFO  com.ftl.dictionary.Dictionary.load - Loaded dictionary from file E:\QTM\conf\config.dic
07-04-2023 21:49:17.473 [scheduling-1] INFO  com.vanlinh.qtm.utils.LoggerUtils.log - Fixed delay task - 1680878957
07-04-2023 21:49:47.488 [scheduling-1] INFO  com.ftl.dictionary.Dictionary.load - Loaded dictionary from file E:\QTM\conf\config.dic
07-04-2023 21:49:47.759 [scheduling-1] INFO  com.vanlinh.qtm.utils.LoggerUtils.log - Fixed delay task - 1680878987
07-04-2023 21:50:17.770 [scheduling-1] INFO  com.ftl.dictionary.Dictionary.load - Loaded dictionary from file E:\QTM\conf\config.dic
07-04-2023 21:50:18.023 [scheduling-1] INFO  com.vanlinh.qtm.utils.LoggerUtils.log - Fixed delay task - 1680879018
07-04-2023 21:50:48.026 [scheduling-1] INFO  com.ftl.dictionary.Dictionary.load - Loaded dictionary from file E:\QTM\conf\config.dic
07-04-2023 21:50:48.292 [scheduling-1] INFO  com.vanlinh.qtm.utils.LoggerUtils.log - Fixed delay task - 1680879048
07-04-2023 21:51:18.299 [scheduling-1] INFO  com.ftl.dictionary.Dictionary.load - Loaded dictionary from file E:\QTM\conf\config.dic
07-04-2023 21:51:18.557 [scheduling-1] INFO  com.vanlinh.qtm.utils.LoggerUtils.log - Fixed delay task - 1680879078
07-04-2023 21:51:48.569 [scheduling-1] INFO  com.ftl.dictionary.Dictionary.load - Loaded dictionary from file E:\QTM\conf\config.dic
07-04-2023 21:51:48.815 [scheduling-1] INFO  com.vanlinh.qtm.utils.LoggerUtils.log - Fixed delay task - 1680879108
07-04-2023 21:52:18.828 [scheduling-1] INFO  com.ftl.dictionary.Dictionary.load - Loaded dictionary from file E:\QTM\conf\config.dic
07-04-2023 21:52:19.083 [scheduling-1] INFO  com.vanlinh.qtm.utils.LoggerUtils.log - Fixed delay task - 1680879139
07-04-2023 21:52:49.085 [scheduling-1] INFO  com.ftl.dictionary.Dictionary.load - Loaded dictionary from file E:\QTM\conf\config.dic
07-04-2023 21:52:49.344 [scheduling-1] INFO  com.vanlinh.qtm.utils.LoggerUtils.log - Fixed delay task - 1680879169
07-04-2023 21:53:19.355 [scheduling-1] INFO  com.ftl.dictionary.Dictionary.load - Loaded dictionary from file E:\QTM\conf\config.dic
07-04-2023 21:53:19.594 [scheduling-1] INFO  com.vanlinh.qtm.utils.LoggerUtils.log - Fixed delay task - 1680879199
07-04-2023 21:53:49.601 [scheduling-1] INFO  com.ftl.dictionary.Dictionary.load - Loaded dictionary from file E:\QTM\conf\config.dic
07-04-2023 21:53:49.910 [scheduling-1] INFO  com.vanlinh.qtm.utils.LoggerUtils.log - Fixed delay task - 1680879229
07-04-2023 21:54:19.915 [scheduling-1] INFO  com.ftl.dictionary.Dictionary.load - Loaded dictionary from file E:\QTM\conf\config.dic
07-04-2023 21:54:20.201 [scheduling-1] INFO  com.vanlinh.qtm.utils.LoggerUtils.log - Fixed delay task - 1680879260
07-04-2023 21:54:50.203 [scheduling-1] INFO  com.ftl.dictionary.Dictionary.load - Loaded dictionary from file E:\QTM\conf\config.dic
07-04-2023 21:54:50.222 [scheduling-1] WARN  com.vanlinh.qtm.utils.LoggerUtils.warn - can't connect to container: production_move
07-04-2023 21:54:50.223 [scheduling-1] WARN  com.vanlinh.qtm.utils.LoggerUtils.warn - can't get file: log_folder/Local/production_move//workspace/log/console/console_0.log
07-04-2023 21:54:50.242 [scheduling-1] WARN  com.vanlinh.qtm.utils.LoggerUtils.warn - can't connect to container: production_move
07-04-2023 21:54:50.242 [scheduling-1] WARN  com.vanlinh.qtm.utils.LoggerUtils.warn - can't get file: log_folder/Local/production_move//workspace/log/tomcat/console_0.log
07-04-2023 21:54:50.254 [scheduling-1] WARN  com.vanlinh.qtm.utils.LoggerUtils.warn - can't connect to container: mysql_server
07-04-2023 21:54:50.254 [scheduling-1] WARN  com.vanlinh.qtm.utils.LoggerUtils.warn - can't get file: log_folder/Local/mysql_server//var/log/mysql/error.log
07-04-2023 21:54:50.263 [scheduling-1] WARN  com.vanlinh.qtm.utils.LoggerUtils.warn - can't connect to container: mysql_server
07-04-2023 21:54:50.263 [scheduling-1] WARN  com.vanlinh.qtm.utils.LoggerUtils.warn - can't get file: log_folder/Local/mysql_server//var/log/mysql/general_log.log
07-04-2023 21:54:50.273 [scheduling-1] WARN  com.vanlinh.qtm.utils.LoggerUtils.warn - can't connect to container: mysql_server
07-04-2023 21:54:50.273 [scheduling-1] WARN  com.vanlinh.qtm.utils.LoggerUtils.warn - can't get file: log_folder/Local/mysql_server//var/log/mysql/slow_query.log
07-04-2023 21:54:50.273 [scheduling-1] INFO  com.vanlinh.qtm.utils.LoggerUtils.log - Fixed delay task - 1680879290
