/usr/sbin/mysqld, Version: 8.0.32 (MySQL Community Server - GPL). started with:
Tcp port: 3306  Unix socket: /var/run/mysqld/mysqld.sock
Time                 Id Command    Argument
2023-04-07T13:10:08.752911Z	    0 Execute	CREATE TABLE performance_schema.innodb_redo_log_files(
`FILE_ID` BIGINT NOT NULL COMMENT 'Id of the file.',
`FILE_NAME` VARCHAR(2000) NOT NULL COMMENT 'Path to the file.',
`START_LSN` BIGINT NOT NULL COMMENT 'LSN of the first block in the file.',
`END_LSN` BIGINT NOT NULL COMMENT 'LSN after the last block in the file.',
`SIZE_IN_BYTES` BIGINT NOT NULL COMMENT 'Size of the file (in bytes).',
`IS_FULL` TINYINT NOT NULL COMMENT '1 iff file has no free space inside.',
`CONSUMER_LEVEL` INT NOT NULL COMMENT 'All redo log consumers registered on smaller levels than this value, have already consumed this file.'
)engine = 'performance_schema'
2023-04-07T13:13:48.915796Z	    8 Connect	root@172.20.0.3 on production_move using SSL/TLS
2023-04-07T13:13:48.942416Z	    8 Query	/* mysql-connector-java-8.0.30 (Revision: 1de2fe873fe26189564c030a343885011412976a) */SELECT  @@session.auto_increment_increment AS auto_increment_increment, @@character_set_client AS character_set_client, @@character_set_connection AS character_set_connection, @@character_set_results AS character_set_results, @@character_set_server AS character_set_server, @@collation_server AS collation_server, @@collation_connection AS collation_connection, @@init_connect AS init_connect, @@interactive_timeout AS interactive_timeout, @@license AS license, @@lower_case_table_names AS lower_case_table_names, @@max_allowed_packet AS max_allowed_packet, @@net_write_timeout AS net_write_timeout, @@performance_schema AS performance_schema, @@sql_mode AS sql_mode, @@system_time_zone AS system_time_zone, @@time_zone AS time_zone, @@transaction_isolation AS transaction_isolation, @@wait_timeout AS wait_timeout
2023-04-07T13:13:49.035447Z	    8 Query	SET character_set_results = NULL
2023-04-07T13:13:49.036226Z	    8 Query	SET autocommit=1
2023-04-07T13:13:49.053361Z	    8 Query	SELECT @@session.transaction_read_only
2023-04-07T13:13:49.053989Z	    8 Query	SELECT @@session.transaction_isolation
2023-04-07T13:13:49.168144Z	    8 Query	SELECT @@session.transaction_read_only
2023-04-07T13:13:49.178810Z	    8 Query	CREATE TABLE IF NOT EXISTS `role` ( `id` bigint NOT NULL AUTO_INCREMENT, `code` varchar(255) COLLATE utf8_bin DEFAULT NULL, `name` varchar(255) COLLATE utf8_bin DEFAULT NULL, PRIMARY KEY (`id`) ) ENGINE=InnoDB DEFAULT CHARSET=utf8mb3 COLLATE=utf8_bin
2023-04-07T13:13:49.182176Z	    9 Connect	root@172.20.0.3 on production_move using SSL/TLS
2023-04-07T13:13:49.182842Z	    9 Query	/* mysql-connector-java-8.0.30 (Revision: 1de2fe873fe26189564c030a343885011412976a) */SELECT  @@session.auto_increment_increment AS auto_increment_increment, @@character_set_client AS character_set_client, @@character_set_connection AS character_set_connection, @@character_set_results AS character_set_results, @@character_set_server AS character_set_server, @@collation_server AS collation_server, @@collation_connection AS collation_connection, @@init_connect AS init_connect, @@interactive_timeout AS interactive_timeout, @@license AS license, @@lower_case_table_names AS lower_case_table_names, @@max_allowed_packet AS max_allowed_packet, @@net_write_timeout AS net_write_timeout, @@performance_schema AS performance_schema, @@sql_mode AS sql_mode, @@system_time_zone AS system_time_zone, @@time_zone AS time_zone, @@transaction_isolation AS transaction_isolation, @@wait_timeout AS wait_timeout
2023-04-07T13:13:49.183506Z	    9 Query	SET character_set_results = NULL
2023-04-07T13:13:49.183757Z	    9 Query	SET autocommit=1
2023-04-07T13:13:49.184182Z	    9 Query	SELECT @@session.transaction_read_only
2023-04-07T13:13:49.192893Z	   10 Connect	root@172.20.0.3 on production_move using SSL/TLS
2023-04-07T13:13:49.193722Z	   10 Query	/* mysql-connector-java-8.0.30 (Revision: 1de2fe873fe26189564c030a343885011412976a) */SELECT  @@session.auto_increment_increment AS auto_increment_increment, @@character_set_client AS character_set_client, @@character_set_connection AS character_set_connection, @@character_set_results AS character_set_results, @@character_set_server AS character_set_server, @@collation_server AS collation_server, @@collation_connection AS collation_connection, @@init_connect AS init_connect, @@interactive_timeout AS interactive_timeout, @@license AS license, @@lower_case_table_names AS lower_case_table_names, @@max_allowed_packet AS max_allowed_packet, @@net_write_timeout AS net_write_timeout, @@performance_schema AS performance_schema, @@sql_mode AS sql_mode, @@system_time_zone AS system_time_zone, @@time_zone AS time_zone, @@transaction_isolation AS transaction_isolation, @@wait_timeout AS wait_timeout
2023-04-07T13:13:49.195008Z	   10 Query	SET character_set_results = NULL
2023-04-07T13:13:49.195318Z	   10 Query	SET autocommit=1
2023-04-07T13:13:49.195837Z	   10 Query	SELECT @@session.transaction_read_only
2023-04-07T13:13:49.197748Z	    8 Query	SELECT @@session.transaction_read_only
2023-04-07T13:13:49.198202Z	    8 Query	CREATE TABLE IF NOT EXISTS `refreshtoken` ( `id` bigint NOT NULL AUTO_INCREMENT, `createdby` varchar(255) COLLATE utf8_bin DEFAULT NULL, `createddate` datetime DEFAULT NULL, `modifiedby` varchar(255) COLLATE utf8_bin DEFAULT NULL, `modifieddate` datetime DEFAULT NULL, `expiry_date` datetime DEFAULT NULL, `token` varchar(255) COLLATE utf8_bin DEFAULT NULL, PRIMARY KEY (`id`), UNIQUE KEY `UK_or156wbneyk8noo4jstv55ii3` (`token`) ) ENGINE=InnoDB DEFAULT CHARSET=utf8mb3 COLLATE=utf8_bin
2023-04-07T13:13:49.202290Z	    8 Query	SELECT @@session.transaction_read_only
2023-04-07T13:13:49.202902Z	    8 Query	CREATE TABLE IF NOT EXISTS `user` ( `id` bigint NOT NULL AUTO_INCREMENT, `createdby` varchar(255) COLLATE utf8_bin DEFAULT NULL, `createddate` datetime DEFAULT NULL, `modifiedby` varchar(255) COLLATE utf8_bin DEFAULT NULL, `modifieddate` datetime DEFAULT NULL, `address` text COLLATE utf8_bin, `fullname` varchar(255) COLLATE utf8_bin DEFAULT NULL, `image` text COLLATE utf8_bin, `password` varchar(255) COLLATE utf8_bin DEFAULT NULL, `phonenumber` varchar(255) COLLATE utf8_bin DEFAULT NULL, `username` varchar(255) COLLATE utf8_bin DEFAULT NULL, `refresh_token_id` bigint NOT NULL, `role_id` bigint DEFAULT NULL, PRIMARY KEY (`id`), KEY `FKo3wsa4hvodpbgd6upolukg7nj` (`refresh_token_id`), KEY `FKn82ha3ccdebhokx3a8fgdqeyy` (`role_id`), CONSTRAINT `FKn82ha3ccdebhokx3a8fgdqeyy` FOREIGN KEY (`role_id`) REFERENCES `role` (`id`), CONSTRAINT `FKo3wsa4hvodpbgd6upolukg7nj` FOREIGN KEY (`refresh_token_id`) REFERENCES `refreshtoken` (`id`) ) ENGINE=InnoDB DEFAULT CHARSET=utf8mb3 COLLATE=utf8_bin
2023-04-07T13:13:49.205146Z	   11 Connect	root@172.20.0.3 on production_move using SSL/TLS
2023-04-07T13:13:49.205760Z	    8 Query	SELECT @@session.transaction_read_only
2023-04-07T13:13:49.205806Z	   11 Query	/* mysql-connector-java-8.0.30 (Revision: 1de2fe873fe26189564c030a343885011412976a) */SELECT  @@session.auto_increment_increment AS auto_increment_increment, @@character_set_client AS character_set_client, @@character_set_connection AS character_set_connection, @@character_set_results AS character_set_results, @@character_set_server AS character_set_server, @@collation_server AS collation_server, @@collation_connection AS collation_connection, @@init_connect AS init_connect, @@interactive_timeout AS interactive_timeout, @@license AS license, @@lower_case_table_names AS lower_case_table_names, @@max_allowed_packet AS max_allowed_packet, @@net_write_timeout AS net_write_timeout, @@performance_schema AS performance_schema, @@sql_mode AS sql_mode, @@system_time_zone AS system_time_zone, @@time_zone AS time_zone, @@transaction_isolation AS transaction_isolation, @@wait_timeout AS wait_timeout
2023-04-07T13:13:49.206335Z	    8 Query	INSERT INTO role (id, code, name) SELECT * FROM (SELECT '1' as id, 'ADMIN' as code, 'ADMIN' as name) AS tmp WHERE NOT EXISTS (SELECT code FROM role WHERE code = 'ADMIN') LIMIT 1
2023-04-07T13:13:49.206461Z	   11 Query	SET character_set_results = NULL
2023-04-07T13:13:49.206761Z	   11 Query	SET autocommit=1
2023-04-07T13:13:49.207217Z	   11 Query	SELECT @@session.transaction_read_only
2023-04-07T13:13:49.214886Z	   12 Connect	root@172.20.0.3 on production_move using SSL/TLS
2023-04-07T13:13:49.214975Z	    8 Query	SELECT @@session.transaction_read_only
2023-04-07T13:13:49.215528Z	   12 Query	/* mysql-connector-java-8.0.30 (Revision: 1de2fe873fe26189564c030a343885011412976a) */SELECT  @@session.auto_increment_increment AS auto_increment_increment, @@character_set_client AS character_set_client, @@character_set_connection AS character_set_connection, @@character_set_results AS character_set_results, @@character_set_server AS character_set_server, @@collation_server AS collation_server, @@collation_connection AS collation_connection, @@init_connect AS init_connect, @@interactive_timeout AS interactive_timeout, @@license AS license, @@lower_case_table_names AS lower_case_table_names, @@max_allowed_packet AS max_allowed_packet, @@net_write_timeout AS net_write_timeout, @@performance_schema AS performance_schema, @@sql_mode AS sql_mode, @@system_time_zone AS system_time_zone, @@time_zone AS time_zone, @@transaction_isolation AS transaction_isolation, @@wait_timeout AS wait_timeout
2023-04-07T13:13:49.215712Z	    8 Query	INSERT INTO role (id, code, name) SELECT * FROM (SELECT '2' as id, 'DISTRIBUTION_AGENT' as code, 'DISTRIBUTION AGENT' as name) AS tmp WHERE NOT EXISTS (SELECT code FROM role WHERE code = 'DISTRIBUTION_AGENT') LIMIT 1
2023-04-07T13:13:49.216181Z	    8 Query	SELECT @@session.transaction_read_only
2023-04-07T13:13:49.216325Z	   12 Query	SET character_set_results = NULL
2023-04-07T13:13:49.216558Z	    8 Query	INSERT INTO role (id, code, name) SELECT * FROM (SELECT '3' as id, 'FACTORY' as code, 'FACTORY' as name) AS tmp WHERE NOT EXISTS (SELECT code FROM role WHERE code = 'FACTORY') LIMIT 1
2023-04-07T13:13:49.216586Z	   12 Query	SET autocommit=1
2023-04-07T13:13:49.216920Z	   12 Query	SELECT @@session.transaction_read_only
2023-04-07T13:13:49.216959Z	    8 Query	SELECT @@session.transaction_read_only
2023-04-07T13:13:49.217262Z	    8 Query	INSERT INTO role (id, code, name) SELECT * FROM (SELECT '4' as id, 'SERVICE_CENTER' as code, 'SERVICE CENTER' as name) AS tmp WHERE NOT EXISTS (SELECT code FROM role WHERE code = 'SERVICE_CENTER') LIMIT 1
2023-04-07T13:13:49.217767Z	    8 Query	SELECT @@session.transaction_read_only
2023-04-07T13:13:49.218083Z	    8 Query	INSERT INTO refreshtoken (id) SELECT * FROM (SELECT '1' as id) AS tmp WHERE NOT EXISTS (SELECT id FROM refreshtoken WHERE id = '1') LIMIT 1
2023-04-07T13:13:49.224883Z	   13 Connect	root@172.20.0.3 on production_move using SSL/TLS
2023-04-07T13:13:49.225280Z	    8 Query	SELECT @@session.transaction_read_only
2023-04-07T13:13:49.225462Z	   13 Query	/* mysql-connector-java-8.0.30 (Revision: 1de2fe873fe26189564c030a343885011412976a) */SELECT  @@session.auto_increment_increment AS auto_increment_increment, @@character_set_client AS character_set_client, @@character_set_connection AS character_set_connection, @@character_set_results AS character_set_results, @@character_set_server AS character_set_server, @@collation_server AS collation_server, @@collation_connection AS collation_connection, @@init_connect AS init_connect, @@interactive_timeout AS interactive_timeout, @@license AS license, @@lower_case_table_names AS lower_case_table_names, @@max_allowed_packet AS max_allowed_packet, @@net_write_timeout AS net_write_timeout, @@performance_schema AS performance_schema, @@sql_mode AS sql_mode, @@system_time_zone AS system_time_zone, @@time_zone AS time_zone, @@transaction_isolation AS transaction_isolation, @@wait_timeout AS wait_timeout
2023-04-07T13:13:49.225695Z	    8 Query	Delete from user where id = '1'
2023-04-07T13:13:49.226008Z	   13 Query	SET character_set_results = NULL
2023-04-07T13:13:49.226225Z	   13 Query	SET autocommit=1
2023-04-07T13:13:49.226525Z	   13 Query	SELECT @@session.transaction_read_only
2023-04-07T13:13:49.234837Z	   14 Connect	root@172.20.0.3 on production_move using SSL/TLS
2023-04-07T13:13:49.235401Z	   14 Query	/* mysql-connector-java-8.0.30 (Revision: 1de2fe873fe26189564c030a343885011412976a) */SELECT  @@session.auto_increment_increment AS auto_increment_increment, @@character_set_client AS character_set_client, @@character_set_connection AS character_set_connection, @@character_set_results AS character_set_results, @@character_set_server AS character_set_server, @@collation_server AS collation_server, @@collation_connection AS collation_connection, @@init_connect AS init_connect, @@interactive_timeout AS interactive_timeout, @@license AS license, @@lower_case_table_names AS lower_case_table_names, @@max_allowed_packet AS max_allowed_packet, @@net_write_timeout AS net_write_timeout, @@performance_schema AS performance_schema, @@sql_mode AS sql_mode, @@system_time_zone AS system_time_zone, @@time_zone AS time_zone, @@transaction_isolation AS transaction_isolation, @@wait_timeout AS wait_timeout
2023-04-07T13:13:49.235822Z	   14 Query	SET character_set_results = NULL
2023-04-07T13:13:49.236048Z	    8 Query	SELECT @@session.transaction_read_only
2023-04-07T13:13:49.236278Z	   14 Query	SET autocommit=1
2023-04-07T13:13:49.236489Z	    8 Query	INSERT INTO `user` (`id`, `fullname`, `password`, `username`, `refresh_token_id`, `role_id`) VALUES ('1', 'ADMIN', '$2a$10$fXPNGnniIlAtoBpGQGZBbuCScdj4Pdnj.BLd2lujHr0cYo2z7epzy', 'admin', '1', '1')
2023-04-07T13:13:49.236557Z	   14 Query	SELECT @@session.transaction_read_only
2023-04-07T13:13:49.244185Z	   15 Connect	root@172.20.0.3 on production_move using SSL/TLS
2023-04-07T13:13:49.244847Z	   15 Query	/* mysql-connector-java-8.0.30 (Revision: 1de2fe873fe26189564c030a343885011412976a) */SELECT  @@session.auto_increment_increment AS auto_increment_increment, @@character_set_client AS character_set_client, @@character_set_connection AS character_set_connection, @@character_set_results AS character_set_results, @@character_set_server AS character_set_server, @@collation_server AS collation_server, @@collation_connection AS collation_connection, @@init_connect AS init_connect, @@interactive_timeout AS interactive_timeout, @@license AS license, @@lower_case_table_names AS lower_case_table_names, @@max_allowed_packet AS max_allowed_packet, @@net_write_timeout AS net_write_timeout, @@performance_schema AS performance_schema, @@sql_mode AS sql_mode, @@system_time_zone AS system_time_zone, @@time_zone AS time_zone, @@transaction_isolation AS transaction_isolation, @@wait_timeout AS wait_timeout
2023-04-07T13:13:49.245522Z	   15 Query	SET character_set_results = NULL
2023-04-07T13:13:49.245775Z	   15 Query	SET autocommit=1
2023-04-07T13:13:49.246098Z	   15 Query	SELECT @@session.transaction_read_only
2023-04-07T13:13:49.254140Z	   16 Connect	root@172.20.0.3 on production_move using SSL/TLS
2023-04-07T13:13:49.254589Z	   16 Query	/* mysql-connector-java-8.0.30 (Revision: 1de2fe873fe26189564c030a343885011412976a) */SELECT  @@session.auto_increment_increment AS auto_increment_increment, @@character_set_client AS character_set_client, @@character_set_connection AS character_set_connection, @@character_set_results AS character_set_results, @@character_set_server AS character_set_server, @@collation_server AS collation_server, @@collation_connection AS collation_connection, @@init_connect AS init_connect, @@interactive_timeout AS interactive_timeout, @@license AS license, @@lower_case_table_names AS lower_case_table_names, @@max_allowed_packet AS max_allowed_packet, @@net_write_timeout AS net_write_timeout, @@performance_schema AS performance_schema, @@sql_mode AS sql_mode, @@system_time_zone AS system_time_zone, @@time_zone AS time_zone, @@transaction_isolation AS transaction_isolation, @@wait_timeout AS wait_timeout
2023-04-07T13:13:49.255054Z	   16 Query	SET character_set_results = NULL
2023-04-07T13:13:49.255301Z	   16 Query	SET autocommit=1
2023-04-07T13:13:49.255615Z	   16 Query	SELECT @@session.transaction_read_only
2023-04-07T13:13:49.263086Z	   17 Connect	root@172.20.0.3 on production_move using SSL/TLS
2023-04-07T13:13:49.263763Z	   17 Query	/* mysql-connector-java-8.0.30 (Revision: 1de2fe873fe26189564c030a343885011412976a) */SELECT  @@session.auto_increment_increment AS auto_increment_increment, @@character_set_client AS character_set_client, @@character_set_connection AS character_set_connection, @@character_set_results AS character_set_results, @@character_set_server AS character_set_server, @@collation_server AS collation_server, @@collation_connection AS collation_connection, @@init_connect AS init_connect, @@interactive_timeout AS interactive_timeout, @@license AS license, @@lower_case_table_names AS lower_case_table_names, @@max_allowed_packet AS max_allowed_packet, @@net_write_timeout AS net_write_timeout, @@performance_schema AS performance_schema, @@sql_mode AS sql_mode, @@system_time_zone AS system_time_zone, @@time_zone AS time_zone, @@transaction_isolation AS transaction_isolation, @@wait_timeout AS wait_timeout
2023-04-07T13:13:49.264221Z	   17 Query	SET character_set_results = NULL
2023-04-07T13:13:49.264583Z	   17 Query	SET autocommit=1
2023-04-07T13:13:49.264934Z	   17 Query	SELECT @@session.transaction_read_only
2023-04-07T13:14:03.853782Z	    8 Query	SELECT TABLE_SCHEMA AS TABLE_CAT, NULL AS TABLE_SCHEM, TABLE_NAME, CASE WHEN TABLE_TYPE='BASE TABLE' THEN CASE WHEN TABLE_SCHEMA = 'mysql' OR TABLE_SCHEMA = 'performance_schema' THEN 'SYSTEM TABLE' ELSE 'TABLE' END WHEN TABLE_TYPE='TEMPORARY' THEN 'LOCAL_TEMPORARY' ELSE TABLE_TYPE END AS TABLE_TYPE, TABLE_COMMENT AS REMARKS, NULL AS TYPE_CAT, NULL AS TYPE_SCHEM, NULL AS TYPE_NAME, NULL AS SELF_REFERENCING_COL_NAME, NULL AS REF_GENERATION FROM INFORMATION_SCHEMA.TABLES WHERE TABLE_SCHEMA = 'production_move' AND TABLE_NAME LIKE '%' HAVING TABLE_TYPE IN ('TABLE','VIEW',null,null,null) ORDER BY TABLE_TYPE, TABLE_SCHEMA, TABLE_NAME
2023-04-07T13:14:03.994231Z	    8 Query	SELECT TABLE_SCHEMA, NULL, TABLE_NAME, COLUMN_NAME,CASE  WHEN UPPER(DATA_TYPE)='DECIMAL' THEN 3 WHEN UPPER(DATA_TYPE)='DECIMAL UNSIGNED' THEN 3 WHEN UPPER(DATA_TYPE)='TINYINT' THEN CASE WHEN LOCATE('ZEROFILL', UPPER(COLUMN_TYPE)) = 0 AND LOCATE('UNSIGNED', UPPER(COLUMN_TYPE)) = 0 AND LOCATE('(1)', COLUMN_TYPE) != 0 THEN -7 ELSE -6 END  WHEN UPPER(DATA_TYPE)='TINYINT UNSIGNED' THEN CASE WHEN LOCATE('ZEROFILL', UPPER(COLUMN_TYPE)) = 0 AND LOCATE('UNSIGNED', UPPER(COLUMN_TYPE)) = 0 AND LOCATE('(1)', COLUMN_TYPE) != 0 THEN -7 ELSE -6 END  WHEN UPPER(DATA_TYPE)='BOOLEAN' THEN 16 WHEN UPPER(DATA_TYPE)='SMALLINT' THEN 5 WHEN UPPER(DATA_TYPE)='SMALLINT UNSIGNED' THEN 5 WHEN UPPER(DATA_TYPE)='INT' THEN 4 WHEN UPPER(DATA_TYPE)='INT UNSIGNED' THEN 4 WHEN UPPER(DATA_TYPE)='FLOAT' THEN 7 WHEN UPPER(DATA_TYPE)='FLOAT UNSIGNED' THEN 7 WHEN UPPER(DATA_TYPE)='DOUBLE' THEN 8 WHEN UPPER(DATA_TYPE)='DOUBLE UNSIGNED' THEN 8 WHEN UPPER(DATA_TYPE)='NULL' THEN 0 WHEN UPPER(DATA_TYPE)='TIMESTAMP' THEN 93 WHEN UPPER(DATA_TYPE)='BIGINT' THEN -5 WHEN UPPER(DATA_TYPE)='BIGINT UNSIGNED' THEN -5 WHEN UPPER(DATA_TYPE)='MEDIUMINT' THEN 4 WHEN UPPER(DATA_TYPE)='MEDIUMINT UNSIGNED' THEN 4 WHEN UPPER(DATA_TYPE)='DATE' THEN 91 WHEN UPPER(DATA_TYPE)='TIME' THEN 92 WHEN UPPER(DATA_TYPE)='DATETIME' THEN 93 WHEN UPPER(DATA_TYPE)='YEAR' THEN 91 WHEN UPPER(DATA_TYPE)='VARCHAR' THEN 12 WHEN UPPER(DATA_TYPE)='VARBINARY' THEN -3 WHEN UPPER(DATA_TYPE)='BIT' THEN -7 WHEN UPPER(DATA_TYPE)='JSON' THEN -1 WHEN UPPER(DATA_TYPE)='ENUM' THEN 1 WHEN UPPER(DATA_TYPE)='SET' THEN 1 WHEN UPPER(DATA_TYPE)='TINYBLOB' THEN -3 WHEN UPPER(DATA_TYPE)='TINYTEXT' THEN 12 WHEN UPPER(DATA_TYPE)='MEDIUMBLOB' THEN -4 WHEN UPPER(DATA_TYPE)='MEDIUMTEXT' THEN -1 WHEN UPPER(DATA_TYPE)='LONGBLOB' THEN -4 WHEN UPPER(DATA_TYPE)='LONGTEXT' THEN -1 WHEN UPPER(DATA_TYPE)='BLOB' THEN -4 WHEN UPPER(DATA_TYPE)='TEXT' THEN -1 WHEN UPPER(DATA_TYPE)='CHAR' THEN 1 WHEN UPPER(DATA_TYPE)='BINARY' THEN -2 WHEN UPPER(DATA_TYPE)='GEOMETRY' THEN -2 WHEN UPPER(DATA_TYPE)='UNKNOWN' THEN 1111 WHEN UPPER(DATA_TYPE)='POINT' THEN -2 WHEN UPPER(DATA_TYPE)='LINESTRING' THEN -2 WHEN UPPER(DATA_TYPE)='POLYGON' THEN -2 WHEN UPPER(DATA_TYPE)='MULTIPOINT' THEN -2 WHEN UPPER(DATA_TYPE)='MULTILINESTRING' THEN -2 WHEN UPPER(DATA_TYPE)='MULTIPOLYGON' THEN -2 WHEN UPPER(DATA_TYPE)='GEOMETRYCOLLECTION' THEN -2 WHEN UPPER(DATA_TYPE)='GEOMCOLLECTION' THEN -2 ELSE 1111 END  AS DATA_TYPE, UPPER(CASE WHEN UPPER(DATA_TYPE)='TINYINT' THEN CASE WHEN LOCATE('ZEROFILL', UPPER(COLUMN_TYPE)) = 0 AND LOCATE('UNSIGNED', UPPER(COLUMN_TYPE)) = 0 AND LOCATE('(1)', COLUMN_TYPE) != 0 THEN 'BIT' WHEN LOCATE('UNSIGNED', UPPER(COLUMN_TYPE)) != 0 AND LOCATE('UNSIGNED', UPPER(DATA_TYPE)) = 0 THEN 'TINYINT UNSIGNED' ELSE DATA_TYPE END  WHEN LOCATE('UNSIGNED', UPPER(COLUMN_TYPE)) != 0 AND LOCATE('UNSIGNED', UPPER(DATA_TYPE)) = 0 AND LOCATE('SET', UPPER(DATA_TYPE)) <> 1 AND LOCATE('ENUM', UPPER(DATA_TYPE)) <> 1 THEN CONCAT(DATA_TYPE, ' UNSIGNED') WHEN UPPER(DATA_TYPE)='POINT' THEN 'GEOMETRY' WHEN UPPER(DATA_TYPE)='LINESTRING' THEN 'GEOMETRY' WHEN UPPER(DATA_TYPE)='POLYGON' THEN 'GEOMETRY' WHEN UPPER(DATA_TYPE)='MULTIPOINT' THEN 'GEOMETRY' WHEN UPPER(DATA_TYPE)='MULTILINESTRING' THEN 'GEOMETRY' WHEN UPPER(DATA_TYPE)='MULTIPOLYGON' THEN 'GEOMETRY' WHEN UPPER(DATA_TYPE)='GEOMETRYCOLLECTION' THEN 'GEOMETRY' WHEN UPPER(DATA_TYPE)='GEOMCOLLECTION' THEN 'GEOMETRY' ELSE UPPER(DATA_TYPE) END) AS TYPE_NAME,UPPER(CASE WHEN UPPER(DATA_TYPE)='DATE' THEN 10 WHEN UPPER(DATA_TYPE)='TIME'  THEN 8+(CASE WHEN DATETIME_PRECISION>0 THEN DATETIME_PRECISION+1 ELSE DATETIME_PRECISION END) WHEN UPPER(DATA_TYPE)='DATETIME' OR  UPPER(DATA_TYPE)='TIMESTAMP'  THEN 19+(CASE WHEN DATETIME_PRECISION>0 THEN DATETIME_PRECISION+1 ELSE DATETIME_PRECISION END) WHEN UPPER(DATA_TYPE)='YEAR' THEN 4 WHEN UPPER(DATA_TYPE)='TINYINT' AND LOCATE('ZEROFILL', UPPER(COLUMN_TYPE)) = 0 AND LOCATE('UNSIGNED', UPPER(COLUMN_TYPE)) = 0 AND LOCATE('(1)', COLUMN_TYPE) != 0 THEN 1 WHEN UPPER(DATA_TYPE)='MEDIUMINT' AND LOCATE('UNSIGNED', UPPER(COLUMN_TYPE)) != 0 THEN 8 WHEN UPPER(DATA_TYPE)='JSON' THEN 1073741824 WHEN UPPER(DATA_TYPE)='GEOMETRY' THEN 65535 WHEN UPPER(DATA_TYPE)='POINT' THEN 65535 WHEN UPPER(DATA_TYPE)='LINESTRING' THEN 65535 WHEN UPPER(DATA_TYPE)='POLYGON' THEN 65535 WHEN UPPER(DATA_TYPE)='MULTIPOINT' THEN 65535 WHEN UPPER(DATA_TYPE)='MULTILINESTRING' THEN 65535 WHEN UPPER(DATA_TYPE)='MULTIPOLYGON' THEN 65535 WHEN UPPER(DATA_TYPE)='GEOMETRYCOLLECTION' THEN 65535 WHEN UPPER(DATA_TYPE)='GEOMCOLLECTION' THEN 65535 WHEN CHARACTER_MAXIMUM_LENGTH IS NULL THEN NUMERIC_PRECISION WHEN CHARACTER_MAXIMUM_LENGTH > 2147483647 THEN 2147483647 ELSE CHARACTER_MAXIMUM_LENGTH END) AS COLUMN_SIZE,65535 AS BUFFER_LENGTH,UPPER(CASE WHEN UPPER(DATA_TYPE)='DECIMAL' THEN NUMERIC_SCALE WHEN UPPER(DATA_TYPE)='FLOAT' OR UPPER(DATA_TYPE)='DOUBLE' THEN CASE WHEN NUMERIC_SCALE IS NULL THEN 0 ELSE NUMERIC_SCALE END ELSE NULL END) AS DECIMAL_DIGITS,10 AS NUM_PREC_RADIX,CASE WHEN IS_NULLABLE='NO' THEN 0 ELSE CASE WHEN IS_NULLABLE='YES' THEN 1 ELSE 2 END END AS NULLABLE,COLUMN_COMMENT AS REMARKS,COLUMN_DEFAULT AS COLUMN_DEF,0 AS SQL_DATA_TYPE,0 AS SQL_DATETIME_SUB,CASE WHEN CHARACTER_OCTET_LENGTH > 2147483647 THEN 2147483647 ELSE CHARACTER_OCTET_LENGTH END AS CHAR_OCTET_LENGTH,ORDINAL_POSITION, IS_NULLABLE, NULL AS SCOPE_CATALOG, NULL AS SCOPE_SCHEMA, NULL AS SCOPE_TABLE, NULL AS SOURCE_DATA_TYPE,IF (EXTRA LIKE '%auto_increment%','YES','NO') AS IS_AUTOINCREMENT, IF (EXTRA LIKE '%GENERATED%','YES','NO') AS IS_GENERATEDCOLUMN FROM INFORMATION_SCHEMA.COLUMNS WHERE TABLE_SCHEMA = 'production_move' AND COLUMN_NAME LIKE '%' ORDER BY TABLE_SCHEMA, TABLE_NAME, ORDINAL_POSITION
2023-04-07T13:14:04.025119Z	    8 Query	SELECT DISTINCT A.REFERENCED_TABLE_SCHEMA AS PKTABLE_CAT,NULL AS PKTABLE_SCHEM, A.REFERENCED_TABLE_NAME AS PKTABLE_NAME, A.REFERENCED_COLUMN_NAME AS PKCOLUMN_NAME, A.TABLE_SCHEMA AS FKTABLE_CAT, NULL AS FKTABLE_SCHEM, A.TABLE_NAME AS FKTABLE_NAME, A.COLUMN_NAME AS FKCOLUMN_NAME, A.ORDINAL_POSITION AS KEY_SEQ,CASE WHEN R.UPDATE_RULE='CASCADE' THEN 0 WHEN R.UPDATE_RULE='SET NULL' THEN 2 WHEN R.UPDATE_RULE='SET DEFAULT' THEN 4 WHEN R.UPDATE_RULE='RESTRICT' THEN 1 WHEN R.UPDATE_RULE='NO ACTION' THEN 1 ELSE 1 END  AS UPDATE_RULE,CASE WHEN R.DELETE_RULE='CASCADE' THEN 0 WHEN R.DELETE_RULE='SET NULL' THEN 2 WHEN R.DELETE_RULE='SET DEFAULT' THEN 4 WHEN R.DELETE_RULE='RESTRICT' THEN 1 WHEN R.DELETE_RULE='NO ACTION' THEN 1 ELSE 1 END  AS DELETE_RULE, A.CONSTRAINT_NAME AS FK_NAME, R.UNIQUE_CONSTRAINT_NAME AS PK_NAME,7 AS DEFERRABILITY FROM INFORMATION_SCHEMA.KEY_COLUMN_USAGE A JOIN INFORMATION_SCHEMA.TABLE_CONSTRAINTS B USING (CONSTRAINT_NAME, TABLE_NAME) JOIN INFORMATION_SCHEMA.REFERENTIAL_CONSTRAINTS R ON (R.CONSTRAINT_NAME = B.CONSTRAINT_NAME AND R.TABLE_NAME = B.TABLE_NAME AND R.CONSTRAINT_SCHEMA = B.TABLE_SCHEMA) WHERE B.CONSTRAINT_TYPE = 'FOREIGN KEY' AND A.TABLE_SCHEMA = 'production_move' AND A.TABLE_NAME='product' AND A.REFERENCED_TABLE_SCHEMA IS NOT NULL ORDER BY A.REFERENCED_TABLE_SCHEMA, A.REFERENCED_TABLE_NAME, A.ORDINAL_POSITION
2023-04-07T13:14:04.039058Z	    8 Query	SELECT TABLE_SCHEMA AS TABLE_CAT, NULL AS TABLE_SCHEM, TABLE_NAME, CASE WHEN TABLE_TYPE='BASE TABLE' THEN CASE WHEN TABLE_SCHEMA = 'mysql' OR TABLE_SCHEMA = 'performance_schema' THEN 'SYSTEM TABLE' ELSE 'TABLE' END WHEN TABLE_TYPE='TEMPORARY' THEN 'LOCAL_TEMPORARY' ELSE TABLE_TYPE END AS TABLE_TYPE, TABLE_COMMENT AS REMARKS, NULL AS TYPE_CAT, NULL AS TYPE_SCHEM, NULL AS TYPE_NAME, NULL AS SELF_REFERENCING_COL_NAME, NULL AS REF_GENERATION FROM INFORMATION_SCHEMA.TABLES WHERE TABLE_SCHEMA = 'production_move' AND TABLE_NAME = 'category' HAVING TABLE_TYPE IN ('TABLE','VIEW',null,null,null) ORDER BY TABLE_TYPE, TABLE_SCHEMA, TABLE_NAME
2023-04-07T13:14:04.050574Z	    8 Query	select * from `production_move`.`category` where 1=0
2023-04-07T13:14:04.067210Z	    8 Query	SELECT TABLE_SCHEMA AS TABLE_CAT, NULL AS TABLE_SCHEM, TABLE_NAME, CASE WHEN TABLE_TYPE='BASE TABLE' THEN CASE WHEN TABLE_SCHEMA = 'mysql' OR TABLE_SCHEMA = 'performance_schema' THEN 'SYSTEM TABLE' ELSE 'TABLE' END WHEN TABLE_TYPE='TEMPORARY' THEN 'LOCAL_TEMPORARY' ELSE TABLE_TYPE END AS TABLE_TYPE, TABLE_COMMENT AS REMARKS, NULL AS TYPE_CAT, NULL AS TYPE_SCHEM, NULL AS TYPE_NAME, NULL AS SELF_REFERENCING_COL_NAME, NULL AS REF_GENERATION FROM INFORMATION_SCHEMA.TABLES WHERE TABLE_SCHEMA = 'production_move' AND TABLE_NAME LIKE 'ware_house' HAVING TABLE_TYPE IN ('TABLE','VIEW',null,null,null) ORDER BY TABLE_TYPE, TABLE_SCHEMA, TABLE_NAME
2023-04-07T13:14:04.068535Z	    8 Query	select * from `production_move`.`ware_house` where 1=0
2023-04-07T13:14:04.073539Z	    8 Query	SELECT DISTINCT A.REFERENCED_TABLE_SCHEMA AS PKTABLE_CAT,NULL AS PKTABLE_SCHEM, A.REFERENCED_TABLE_NAME AS PKTABLE_NAME, A.REFERENCED_COLUMN_NAME AS PKCOLUMN_NAME, A.TABLE_SCHEMA AS FKTABLE_CAT, NULL AS FKTABLE_SCHEM, A.TABLE_NAME AS FKTABLE_NAME, A.COLUMN_NAME AS FKCOLUMN_NAME, A.ORDINAL_POSITION AS KEY_SEQ,CASE WHEN R.UPDATE_RULE='CASCADE' THEN 0 WHEN R.UPDATE_RULE='SET NULL' THEN 2 WHEN R.UPDATE_RULE='SET DEFAULT' THEN 4 WHEN R.UPDATE_RULE='RESTRICT' THEN 1 WHEN R.UPDATE_RULE='NO ACTION' THEN 1 ELSE 1 END  AS UPDATE_RULE,CASE WHEN R.DELETE_RULE='CASCADE' THEN 0 WHEN R.DELETE_RULE='SET NULL' THEN 2 WHEN R.DELETE_RULE='SET DEFAULT' THEN 4 WHEN R.DELETE_RULE='RESTRICT' THEN 1 WHEN R.DELETE_RULE='NO ACTION' THEN 1 ELSE 1 END  AS DELETE_RULE, A.CONSTRAINT_NAME AS FK_NAME, R.UNIQUE_CONSTRAINT_NAME AS PK_NAME,7 AS DEFERRABILITY FROM INFORMATION_SCHEMA.KEY_COLUMN_USAGE A JOIN INFORMATION_SCHEMA.TABLE_CONSTRAINTS B USING (CONSTRAINT_NAME, TABLE_NAME) JOIN INFORMATION_SCHEMA.REFERENTIAL_CONSTRAINTS R ON (R.CONSTRAINT_NAME = B.CONSTRAINT_NAME AND R.TABLE_NAME = B.TABLE_NAME AND R.CONSTRAINT_SCHEMA = B.TABLE_SCHEMA) WHERE B.CONSTRAINT_TYPE = 'FOREIGN KEY' AND A.TABLE_SCHEMA = 'production_move' AND A.TABLE_NAME='user' AND A.REFERENCED_TABLE_SCHEMA IS NOT NULL ORDER BY A.REFERENCED_TABLE_SCHEMA, A.REFERENCED_TABLE_NAME, A.ORDINAL_POSITION
2023-04-07T13:14:04.077104Z	    8 Query	SELECT TABLE_SCHEMA AS TABLE_CAT, NULL AS TABLE_SCHEM, TABLE_NAME, CASE WHEN TABLE_TYPE='BASE TABLE' THEN CASE WHEN TABLE_SCHEMA = 'mysql' OR TABLE_SCHEMA = 'performance_schema' THEN 'SYSTEM TABLE' ELSE 'TABLE' END WHEN TABLE_TYPE='TEMPORARY' THEN 'LOCAL_TEMPORARY' ELSE TABLE_TYPE END AS TABLE_TYPE, TABLE_COMMENT AS REMARKS, NULL AS TYPE_CAT, NULL AS TYPE_SCHEM, NULL AS TYPE_NAME, NULL AS SELF_REFERENCING_COL_NAME, NULL AS REF_GENERATION FROM INFORMATION_SCHEMA.TABLES WHERE TABLE_SCHEMA = 'production_move' AND TABLE_NAME = 'branch' HAVING TABLE_TYPE IN ('TABLE','VIEW',null,null,null) ORDER BY TABLE_TYPE, TABLE_SCHEMA, TABLE_NAME
2023-04-07T13:14:04.078212Z	    8 Query	select * from `production_move`.`branch` where 1=0
2023-04-07T13:14:04.079321Z	    8 Query	SELECT TABLE_SCHEMA AS TABLE_CAT, NULL AS TABLE_SCHEM, TABLE_NAME, CASE WHEN TABLE_TYPE='BASE TABLE' THEN CASE WHEN TABLE_SCHEMA = 'mysql' OR TABLE_SCHEMA = 'performance_schema' THEN 'SYSTEM TABLE' ELSE 'TABLE' END WHEN TABLE_TYPE='TEMPORARY' THEN 'LOCAL_TEMPORARY' ELSE TABLE_TYPE END AS TABLE_TYPE, TABLE_COMMENT AS REMARKS, NULL AS TYPE_CAT, NULL AS TYPE_SCHEM, NULL AS TYPE_NAME, NULL AS SELF_REFERENCING_COL_NAME, NULL AS REF_GENERATION FROM INFORMATION_SCHEMA.TABLES WHERE TABLE_SCHEMA = 'production_move' AND TABLE_NAME = 'refreshtoken' HAVING TABLE_TYPE IN ('TABLE','VIEW',null,null,null) ORDER BY TABLE_TYPE, TABLE_SCHEMA, TABLE_NAME
2023-04-07T13:14:04.080200Z	    8 Query	select * from `production_move`.`refreshtoken` where 1=0
2023-04-07T13:14:04.080869Z	    8 Query	SELECT TABLE_SCHEMA AS TABLE_CAT, NULL AS TABLE_SCHEM, TABLE_NAME, CASE WHEN TABLE_TYPE='BASE TABLE' THEN CASE WHEN TABLE_SCHEMA = 'mysql' OR TABLE_SCHEMA = 'performance_schema' THEN 'SYSTEM TABLE' ELSE 'TABLE' END WHEN TABLE_TYPE='TEMPORARY' THEN 'LOCAL_TEMPORARY' ELSE TABLE_TYPE END AS TABLE_TYPE, TABLE_COMMENT AS REMARKS, NULL AS TYPE_CAT, NULL AS TYPE_SCHEM, NULL AS TYPE_NAME, NULL AS SELF_REFERENCING_COL_NAME, NULL AS REF_GENERATION FROM INFORMATION_SCHEMA.TABLES WHERE TABLE_SCHEMA = 'production_move' AND TABLE_NAME = 'role' HAVING TABLE_TYPE IN ('TABLE','VIEW',null,null,null) ORDER BY TABLE_TYPE, TABLE_SCHEMA, TABLE_NAME
2023-04-07T13:14:04.081884Z	    8 Query	select * from `production_move`.`role` where 1=0
2023-04-07T13:43:10.007513Z	   10 Quit	
2023-04-07T13:43:10.028352Z	   18 Connect	root@172.20.0.3 on production_move using SSL/TLS
2023-04-07T13:43:10.030065Z	   18 Query	/* mysql-connector-java-8.0.30 (Revision: 1de2fe873fe26189564c030a343885011412976a) */SELECT  @@session.auto_increment_increment AS auto_increment_increment, @@character_set_client AS character_set_client, @@character_set_connection AS character_set_connection, @@character_set_results AS character_set_results, @@character_set_server AS character_set_server, @@collation_server AS collation_server, @@collation_connection AS collation_connection, @@init_connect AS init_connect, @@interactive_timeout AS interactive_timeout, @@license AS license, @@lower_case_table_names AS lower_case_table_names, @@max_allowed_packet AS max_allowed_packet, @@net_write_timeout AS net_write_timeout, @@performance_schema AS performance_schema, @@sql_mode AS sql_mode, @@system_time_zone AS system_time_zone, @@time_zone AS time_zone, @@transaction_isolation AS transaction_isolation, @@wait_timeout AS wait_timeout
2023-04-07T13:43:10.031685Z	   18 Query	SET character_set_results = NULL
2023-04-07T13:43:10.032716Z	   18 Query	SET autocommit=1
2023-04-07T13:43:10.033766Z	   18 Query	SELECT @@session.transaction_read_only
2023-04-07T13:43:10.457937Z	   17 Quit	
2023-04-07T13:43:10.471738Z	   19 Connect	root@172.20.0.3 on production_move using SSL/TLS
2023-04-07T13:43:10.472569Z	   19 Query	/* mysql-connector-java-8.0.30 (Revision: 1de2fe873fe26189564c030a343885011412976a) */SELECT  @@session.auto_increment_increment AS auto_increment_increment, @@character_set_client AS character_set_client, @@character_set_connection AS character_set_connection, @@character_set_results AS character_set_results, @@character_set_server AS character_set_server, @@collation_server AS collation_server, @@collation_connection AS collation_connection, @@init_connect AS init_connect, @@interactive_timeout AS interactive_timeout, @@license AS license, @@lower_case_table_names AS lower_case_table_names, @@max_allowed_packet AS max_allowed_packet, @@net_write_timeout AS net_write_timeout, @@performance_schema AS performance_schema, @@sql_mode AS sql_mode, @@system_time_zone AS system_time_zone, @@time_zone AS time_zone, @@transaction_isolation AS transaction_isolation, @@wait_timeout AS wait_timeout
2023-04-07T13:43:10.473387Z	   19 Query	SET character_set_results = NULL
2023-04-07T13:43:10.473970Z	   19 Query	SET autocommit=1
2023-04-07T13:43:10.474637Z	   19 Query	SELECT @@session.transaction_read_only
2023-04-07T13:43:11.738858Z	   14 Quit	
2023-04-07T13:43:11.755418Z	   20 Connect	root@172.20.0.3 on production_move using SSL/TLS
2023-04-07T13:43:11.756048Z	   20 Query	/* mysql-connector-java-8.0.30 (Revision: 1de2fe873fe26189564c030a343885011412976a) */SELECT  @@session.auto_increment_increment AS auto_increment_increment, @@character_set_client AS character_set_client, @@character_set_connection AS character_set_connection, @@character_set_results AS character_set_results, @@character_set_server AS character_set_server, @@collation_server AS collation_server, @@collation_connection AS collation_connection, @@init_connect AS init_connect, @@interactive_timeout AS interactive_timeout, @@license AS license, @@lower_case_table_names AS lower_case_table_names, @@max_allowed_packet AS max_allowed_packet, @@net_write_timeout AS net_write_timeout, @@performance_schema AS performance_schema, @@sql_mode AS sql_mode, @@system_time_zone AS system_time_zone, @@time_zone AS time_zone, @@transaction_isolation AS transaction_isolation, @@wait_timeout AS wait_timeout
2023-04-07T13:43:11.756885Z	   20 Query	SET character_set_results = NULL
2023-04-07T13:43:11.757346Z	   20 Query	SET autocommit=1
2023-04-07T13:43:11.757951Z	   20 Query	SELECT @@session.transaction_read_only
2023-04-07T13:43:17.467099Z	    9 Quit	
2023-04-07T13:43:17.487838Z	   21 Connect	root@172.20.0.3 on production_move using SSL/TLS
2023-04-07T13:43:17.488974Z	   21 Query	/* mysql-connector-java-8.0.30 (Revision: 1de2fe873fe26189564c030a343885011412976a) */SELECT  @@session.auto_increment_increment AS auto_increment_increment, @@character_set_client AS character_set_client, @@character_set_connection AS character_set_connection, @@character_set_results AS character_set_results, @@character_set_server AS character_set_server, @@collation_server AS collation_server, @@collation_connection AS collation_connection, @@init_connect AS init_connect, @@interactive_timeout AS interactive_timeout, @@license AS license, @@lower_case_table_names AS lower_case_table_names, @@max_allowed_packet AS max_allowed_packet, @@net_write_timeout AS net_write_timeout, @@performance_schema AS performance_schema, @@sql_mode AS sql_mode, @@system_time_zone AS system_time_zone, @@time_zone AS time_zone, @@transaction_isolation AS transaction_isolation, @@wait_timeout AS wait_timeout
2023-04-07T13:43:17.490102Z	   21 Query	SET character_set_results = NULL
2023-04-07T13:43:17.491134Z	   21 Query	SET autocommit=1
2023-04-07T13:43:17.491894Z	   21 Query	SELECT @@session.transaction_read_only
2023-04-07T13:43:23.912140Z	   15 Quit	
2023-04-07T13:43:23.926185Z	   22 Connect	root@172.20.0.3 on production_move using SSL/TLS
2023-04-07T13:43:23.927225Z	   22 Query	/* mysql-connector-java-8.0.30 (Revision: 1de2fe873fe26189564c030a343885011412976a) */SELECT  @@session.auto_increment_increment AS auto_increment_increment, @@character_set_client AS character_set_client, @@character_set_connection AS character_set_connection, @@character_set_results AS character_set_results, @@character_set_server AS character_set_server, @@collation_server AS collation_server, @@collation_connection AS collation_connection, @@init_connect AS init_connect, @@interactive_timeout AS interactive_timeout, @@license AS license, @@lower_case_table_names AS lower_case_table_names, @@max_allowed_packet AS max_allowed_packet, @@net_write_timeout AS net_write_timeout, @@performance_schema AS performance_schema, @@sql_mode AS sql_mode, @@system_time_zone AS system_time_zone, @@time_zone AS time_zone, @@transaction_isolation AS transaction_isolation, @@wait_timeout AS wait_timeout
2023-04-07T13:43:23.929048Z	   22 Query	SET character_set_results = NULL
2023-04-07T13:43:23.930501Z	   22 Query	SET autocommit=1
2023-04-07T13:43:23.931702Z	   22 Query	SELECT @@session.transaction_read_only
2023-04-07T13:43:29.625317Z	   12 Quit	
2023-04-07T13:43:29.642247Z	   23 Connect	root@172.20.0.3 on production_move using SSL/TLS
2023-04-07T13:43:29.643825Z	   23 Query	/* mysql-connector-java-8.0.30 (Revision: 1de2fe873fe26189564c030a343885011412976a) */SELECT  @@session.auto_increment_increment AS auto_increment_increment, @@character_set_client AS character_set_client, @@character_set_connection AS character_set_connection, @@character_set_results AS character_set_results, @@character_set_server AS character_set_server, @@collation_server AS collation_server, @@collation_connection AS collation_connection, @@init_connect AS init_connect, @@interactive_timeout AS interactive_timeout, @@license AS license, @@lower_case_table_names AS lower_case_table_names, @@max_allowed_packet AS max_allowed_packet, @@net_write_timeout AS net_write_timeout, @@performance_schema AS performance_schema, @@sql_mode AS sql_mode, @@system_time_zone AS system_time_zone, @@time_zone AS time_zone, @@transaction_isolation AS transaction_isolation, @@wait_timeout AS wait_timeout
2023-04-07T13:43:29.645138Z	   23 Query	SET character_set_results = NULL
2023-04-07T13:43:29.645789Z	   23 Query	SET autocommit=1
2023-04-07T13:43:29.646426Z	   23 Query	SELECT @@session.transaction_read_only
2023-04-07T13:43:38.329659Z	   11 Quit	
2023-04-07T13:43:38.342973Z	   24 Connect	root@172.20.0.3 on production_move using SSL/TLS
2023-04-07T13:43:38.343914Z	   24 Query	/* mysql-connector-java-8.0.30 (Revision: 1de2fe873fe26189564c030a343885011412976a) */SELECT  @@session.auto_increment_increment AS auto_increment_increment, @@character_set_client AS character_set_client, @@character_set_connection AS character_set_connection, @@character_set_results AS character_set_results, @@character_set_server AS character_set_server, @@collation_server AS collation_server, @@collation_connection AS collation_connection, @@init_connect AS init_connect, @@interactive_timeout AS interactive_timeout, @@license AS license, @@lower_case_table_names AS lower_case_table_names, @@max_allowed_packet AS max_allowed_packet, @@net_write_timeout AS net_write_timeout, @@performance_schema AS performance_schema, @@sql_mode AS sql_mode, @@system_time_zone AS system_time_zone, @@time_zone AS time_zone, @@transaction_isolation AS transaction_isolation, @@wait_timeout AS wait_timeout
2023-04-07T13:43:38.346041Z	   24 Query	SET character_set_results = NULL
2023-04-07T13:43:38.347493Z	   24 Query	SET autocommit=1
2023-04-07T13:43:38.348024Z	   24 Query	SELECT @@session.transaction_read_only
2023-04-07T13:43:45.131315Z	   16 Quit	
2023-04-07T13:43:45.146860Z	   25 Connect	root@172.20.0.3 on production_move using SSL/TLS
2023-04-07T13:43:45.148153Z	   25 Query	/* mysql-connector-java-8.0.30 (Revision: 1de2fe873fe26189564c030a343885011412976a) */SELECT  @@session.auto_increment_increment AS auto_increment_increment, @@character_set_client AS character_set_client, @@character_set_connection AS character_set_connection, @@character_set_results AS character_set_results, @@character_set_server AS character_set_server, @@collation_server AS collation_server, @@collation_connection AS collation_connection, @@init_connect AS init_connect, @@interactive_timeout AS interactive_timeout, @@license AS license, @@lower_case_table_names AS lower_case_table_names, @@max_allowed_packet AS max_allowed_packet, @@net_write_timeout AS net_write_timeout, @@performance_schema AS performance_schema, @@sql_mode AS sql_mode, @@system_time_zone AS system_time_zone, @@time_zone AS time_zone, @@transaction_isolation AS transaction_isolation, @@wait_timeout AS wait_timeout
2023-04-07T13:43:45.148741Z	   25 Query	SET character_set_results = NULL
2023-04-07T13:43:45.149125Z	   25 Query	SET autocommit=1
2023-04-07T13:43:45.149851Z	   25 Query	SELECT @@session.transaction_read_only
2023-04-07T13:43:46.818855Z	   13 Quit	
2023-04-07T13:43:46.833622Z	   26 Connect	root@172.20.0.3 on production_move using SSL/TLS
2023-04-07T13:43:46.834951Z	   26 Query	/* mysql-connector-java-8.0.30 (Revision: 1de2fe873fe26189564c030a343885011412976a) */SELECT  @@session.auto_increment_increment AS auto_increment_increment, @@character_set_client AS character_set_client, @@character_set_connection AS character_set_connection, @@character_set_results AS character_set_results, @@character_set_server AS character_set_server, @@collation_server AS collation_server, @@collation_connection AS collation_connection, @@init_connect AS init_connect, @@interactive_timeout AS interactive_timeout, @@license AS license, @@lower_case_table_names AS lower_case_table_names, @@max_allowed_packet AS max_allowed_packet, @@net_write_timeout AS net_write_timeout, @@performance_schema AS performance_schema, @@sql_mode AS sql_mode, @@system_time_zone AS system_time_zone, @@time_zone AS time_zone, @@transaction_isolation AS transaction_isolation, @@wait_timeout AS wait_timeout
2023-04-07T13:43:46.837523Z	   26 Query	SET character_set_results = NULL
2023-04-07T13:43:46.838741Z	   26 Query	SET autocommit=1
2023-04-07T13:43:46.839261Z	   26 Query	SELECT @@session.transaction_read_only
2023-04-07T13:43:47.517703Z	    8 Quit	
2023-04-07T13:43:47.532578Z	   27 Connect	root@172.20.0.3 on production_move using SSL/TLS
2023-04-07T13:43:47.533498Z	   27 Query	/* mysql-connector-java-8.0.30 (Revision: 1de2fe873fe26189564c030a343885011412976a) */SELECT  @@session.auto_increment_increment AS auto_increment_increment, @@character_set_client AS character_set_client, @@character_set_connection AS character_set_connection, @@character_set_results AS character_set_results, @@character_set_server AS character_set_server, @@collation_server AS collation_server, @@collation_connection AS collation_connection, @@init_connect AS init_connect, @@interactive_timeout AS interactive_timeout, @@license AS license, @@lower_case_table_names AS lower_case_table_names, @@max_allowed_packet AS max_allowed_packet, @@net_write_timeout AS net_write_timeout, @@performance_schema AS performance_schema, @@sql_mode AS sql_mode, @@system_time_zone AS system_time_zone, @@time_zone AS time_zone, @@transaction_isolation AS transaction_isolation, @@wait_timeout AS wait_timeout
2023-04-07T13:43:47.534033Z	   27 Query	SET character_set_results = NULL
2023-04-07T13:43:47.534282Z	   27 Query	SET autocommit=1
2023-04-07T13:43:47.534788Z	   27 Query	SELECT @@session.transaction_read_only
2023-04-07T14:12:44.623138Z	   21 Quit	
2023-04-07T14:12:44.656356Z	   28 Connect	root@172.20.0.3 on production_move using SSL/TLS
2023-04-07T14:12:44.658858Z	   28 Query	/* mysql-connector-java-8.0.30 (Revision: 1de2fe873fe26189564c030a343885011412976a) */SELECT  @@session.auto_increment_increment AS auto_increment_increment, @@character_set_client AS character_set_client, @@character_set_connection AS character_set_connection, @@character_set_results AS character_set_results, @@character_set_server AS character_set_server, @@collation_server AS collation_server, @@collation_connection AS collation_connection, @@init_connect AS init_connect, @@interactive_timeout AS interactive_timeout, @@license AS license, @@lower_case_table_names AS lower_case_table_names, @@max_allowed_packet AS max_allowed_packet, @@net_write_timeout AS net_write_timeout, @@performance_schema AS performance_schema, @@sql_mode AS sql_mode, @@system_time_zone AS system_time_zone, @@time_zone AS time_zone, @@transaction_isolation AS transaction_isolation, @@wait_timeout AS wait_timeout
2023-04-07T14:12:44.660886Z	   28 Query	SET character_set_results = NULL
2023-04-07T14:12:44.662206Z	   28 Query	SET autocommit=1
2023-04-07T14:12:44.663522Z	   28 Query	SELECT @@session.transaction_read_only
2023-04-07T14:12:54.994042Z	   19 Quit	
2023-04-07T14:12:55.010827Z	   29 Connect	root@172.20.0.3 on production_move using SSL/TLS
2023-04-07T14:12:55.012909Z	   29 Query	/* mysql-connector-java-8.0.30 (Revision: 1de2fe873fe26189564c030a343885011412976a) */SELECT  @@session.auto_increment_increment AS auto_increment_increment, @@character_set_client AS character_set_client, @@character_set_connection AS character_set_connection, @@character_set_results AS character_set_results, @@character_set_server AS character_set_server, @@collation_server AS collation_server, @@collation_connection AS collation_connection, @@init_connect AS init_connect, @@interactive_timeout AS interactive_timeout, @@license AS license, @@lower_case_table_names AS lower_case_table_names, @@max_allowed_packet AS max_allowed_packet, @@net_write_timeout AS net_write_timeout, @@performance_schema AS performance_schema, @@sql_mode AS sql_mode, @@system_time_zone AS system_time_zone, @@time_zone AS time_zone, @@transaction_isolation AS transaction_isolation, @@wait_timeout AS wait_timeout
2023-04-07T14:12:55.014894Z	   29 Query	SET character_set_results = NULL
2023-04-07T14:12:55.015742Z	   29 Query	SET autocommit=1
2023-04-07T14:12:55.016494Z	   29 Query	SELECT @@session.transaction_read_only
2023-04-07T14:12:58.758880Z	   20 Quit	
2023-04-07T14:12:58.779365Z	   30 Connect	root@172.20.0.3 on production_move using SSL/TLS
2023-04-07T14:12:58.782126Z	   30 Query	/* mysql-connector-java-8.0.30 (Revision: 1de2fe873fe26189564c030a343885011412976a) */SELECT  @@session.auto_increment_increment AS auto_increment_increment, @@character_set_client AS character_set_client, @@character_set_connection AS character_set_connection, @@character_set_results AS character_set_results, @@character_set_server AS character_set_server, @@collation_server AS collation_server, @@collation_connection AS collation_connection, @@init_connect AS init_connect, @@interactive_timeout AS interactive_timeout, @@license AS license, @@lower_case_table_names AS lower_case_table_names, @@max_allowed_packet AS max_allowed_packet, @@net_write_timeout AS net_write_timeout, @@performance_schema AS performance_schema, @@sql_mode AS sql_mode, @@system_time_zone AS system_time_zone, @@time_zone AS time_zone, @@transaction_isolation AS transaction_isolation, @@wait_timeout AS wait_timeout
2023-04-07T14:12:58.783460Z	   30 Query	SET character_set_results = NULL
2023-04-07T14:12:58.784697Z	   30 Query	SET autocommit=1
2023-04-07T14:12:58.786027Z	   30 Query	SELECT @@session.transaction_read_only
2023-04-07T14:12:59.705397Z	   23 Quit	
2023-04-07T14:12:59.725005Z	   31 Connect	root@172.20.0.3 on production_move using SSL/TLS
2023-04-07T14:12:59.726245Z	   31 Query	/* mysql-connector-java-8.0.30 (Revision: 1de2fe873fe26189564c030a343885011412976a) */SELECT  @@session.auto_increment_increment AS auto_increment_increment, @@character_set_client AS character_set_client, @@character_set_connection AS character_set_connection, @@character_set_results AS character_set_results, @@character_set_server AS character_set_server, @@collation_server AS collation_server, @@collation_connection AS collation_connection, @@init_connect AS init_connect, @@interactive_timeout AS interactive_timeout, @@license AS license, @@lower_case_table_names AS lower_case_table_names, @@max_allowed_packet AS max_allowed_packet, @@net_write_timeout AS net_write_timeout, @@performance_schema AS performance_schema, @@sql_mode AS sql_mode, @@system_time_zone AS system_time_zone, @@time_zone AS time_zone, @@transaction_isolation AS transaction_isolation, @@wait_timeout AS wait_timeout
2023-04-07T14:12:59.727369Z	   31 Query	SET character_set_results = NULL
2023-04-07T14:12:59.728057Z	   31 Query	SET autocommit=1
2023-04-07T14:12:59.728984Z	   31 Query	SELECT @@session.transaction_read_only
2023-04-07T14:13:02.602148Z	   22 Quit	
2023-04-07T14:13:02.622359Z	   32 Connect	root@172.20.0.3 on production_move using SSL/TLS
2023-04-07T14:13:02.623163Z	   32 Query	/* mysql-connector-java-8.0.30 (Revision: 1de2fe873fe26189564c030a343885011412976a) */SELECT  @@session.auto_increment_increment AS auto_increment_increment, @@character_set_client AS character_set_client, @@character_set_connection AS character_set_connection, @@character_set_results AS character_set_results, @@character_set_server AS character_set_server, @@collation_server AS collation_server, @@collation_connection AS collation_connection, @@init_connect AS init_connect, @@interactive_timeout AS interactive_timeout, @@license AS license, @@lower_case_table_names AS lower_case_table_names, @@max_allowed_packet AS max_allowed_packet, @@net_write_timeout AS net_write_timeout, @@performance_schema AS performance_schema, @@sql_mode AS sql_mode, @@system_time_zone AS system_time_zone, @@time_zone AS time_zone, @@transaction_isolation AS transaction_isolation, @@wait_timeout AS wait_timeout
2023-04-07T14:13:02.623952Z	   32 Query	SET character_set_results = NULL
2023-04-07T14:13:02.624372Z	   32 Query	SET autocommit=1
2023-04-07T14:13:02.625010Z	   32 Query	SELECT @@session.transaction_read_only
2023-04-07T14:13:03.982255Z	   24 Quit	
2023-04-07T14:13:03.999981Z	   33 Connect	root@172.20.0.3 on production_move using SSL/TLS
2023-04-07T14:13:04.000582Z	   33 Query	/* mysql-connector-java-8.0.30 (Revision: 1de2fe873fe26189564c030a343885011412976a) */SELECT  @@session.auto_increment_increment AS auto_increment_increment, @@character_set_client AS character_set_client, @@character_set_connection AS character_set_connection, @@character_set_results AS character_set_results, @@character_set_server AS character_set_server, @@collation_server AS collation_server, @@collation_connection AS collation_connection, @@init_connect AS init_connect, @@interactive_timeout AS interactive_timeout, @@license AS license, @@lower_case_table_names AS lower_case_table_names, @@max_allowed_packet AS max_allowed_packet, @@net_write_timeout AS net_write_timeout, @@performance_schema AS performance_schema, @@sql_mode AS sql_mode, @@system_time_zone AS system_time_zone, @@time_zone AS time_zone, @@transaction_isolation AS transaction_isolation, @@wait_timeout AS wait_timeout
2023-04-07T14:13:04.001421Z	   33 Query	SET character_set_results = NULL
2023-04-07T14:13:04.001758Z	   33 Query	SET autocommit=1
2023-04-07T14:13:04.002358Z	   33 Query	SELECT @@session.transaction_read_only
2023-04-07T14:13:05.192412Z	   26 Quit	
2023-04-07T14:13:05.212934Z	   34 Connect	root@172.20.0.3 on production_move using SSL/TLS
2023-04-07T14:13:05.213958Z	   34 Query	/* mysql-connector-java-8.0.30 (Revision: 1de2fe873fe26189564c030a343885011412976a) */SELECT  @@session.auto_increment_increment AS auto_increment_increment, @@character_set_client AS character_set_client, @@character_set_connection AS character_set_connection, @@character_set_results AS character_set_results, @@character_set_server AS character_set_server, @@collation_server AS collation_server, @@collation_connection AS collation_connection, @@init_connect AS init_connect, @@interactive_timeout AS interactive_timeout, @@license AS license, @@lower_case_table_names AS lower_case_table_names, @@max_allowed_packet AS max_allowed_packet, @@net_write_timeout AS net_write_timeout, @@performance_schema AS performance_schema, @@sql_mode AS sql_mode, @@system_time_zone AS system_time_zone, @@time_zone AS time_zone, @@transaction_isolation AS transaction_isolation, @@wait_timeout AS wait_timeout
2023-04-07T14:13:05.215416Z	   34 Query	SET character_set_results = NULL
2023-04-07T14:13:05.216833Z	   34 Query	SET autocommit=1
2023-04-07T14:13:05.217392Z	   34 Query	SELECT @@session.transaction_read_only
2023-04-07T14:13:09.862342Z	   18 Quit	
2023-04-07T14:13:09.882799Z	   35 Connect	root@172.20.0.3 on production_move using SSL/TLS
2023-04-07T14:13:09.883604Z	   35 Query	/* mysql-connector-java-8.0.30 (Revision: 1de2fe873fe26189564c030a343885011412976a) */SELECT  @@session.auto_increment_increment AS auto_increment_increment, @@character_set_client AS character_set_client, @@character_set_connection AS character_set_connection, @@character_set_results AS character_set_results, @@character_set_server AS character_set_server, @@collation_server AS collation_server, @@collation_connection AS collation_connection, @@init_connect AS init_connect, @@interactive_timeout AS interactive_timeout, @@license AS license, @@lower_case_table_names AS lower_case_table_names, @@max_allowed_packet AS max_allowed_packet, @@net_write_timeout AS net_write_timeout, @@performance_schema AS performance_schema, @@sql_mode AS sql_mode, @@system_time_zone AS system_time_zone, @@time_zone AS time_zone, @@transaction_isolation AS transaction_isolation, @@wait_timeout AS wait_timeout
2023-04-07T14:13:09.884335Z	   35 Query	SET character_set_results = NULL
2023-04-07T14:13:09.884675Z	   35 Query	SET autocommit=1
2023-04-07T14:13:09.884998Z	   35 Query	SELECT @@session.transaction_read_only
2023-04-07T14:13:22.228780Z	   27 Quit	
2023-04-07T14:13:22.246155Z	   36 Connect	root@172.20.0.3 on production_move using SSL/TLS
2023-04-07T14:13:22.246921Z	   36 Query	/* mysql-connector-java-8.0.30 (Revision: 1de2fe873fe26189564c030a343885011412976a) */SELECT  @@session.auto_increment_increment AS auto_increment_increment, @@character_set_client AS character_set_client, @@character_set_connection AS character_set_connection, @@character_set_results AS character_set_results, @@character_set_server AS character_set_server, @@collation_server AS collation_server, @@collation_connection AS collation_connection, @@init_connect AS init_connect, @@interactive_timeout AS interactive_timeout, @@license AS license, @@lower_case_table_names AS lower_case_table_names, @@max_allowed_packet AS max_allowed_packet, @@net_write_timeout AS net_write_timeout, @@performance_schema AS performance_schema, @@sql_mode AS sql_mode, @@system_time_zone AS system_time_zone, @@time_zone AS time_zone, @@transaction_isolation AS transaction_isolation, @@wait_timeout AS wait_timeout
2023-04-07T14:13:22.247818Z	   36 Query	SET character_set_results = NULL
2023-04-07T14:13:22.248424Z	   36 Query	SET autocommit=1
2023-04-07T14:13:22.249018Z	   36 Query	SELECT @@session.transaction_read_only
2023-04-07T14:13:25.941737Z	   25 Quit	
2023-04-07T14:13:25.988388Z	   37 Connect	root@172.20.0.3 on production_move using SSL/TLS
2023-04-07T14:13:25.989717Z	   37 Query	/* mysql-connector-java-8.0.30 (Revision: 1de2fe873fe26189564c030a343885011412976a) */SELECT  @@session.auto_increment_increment AS auto_increment_increment, @@character_set_client AS character_set_client, @@character_set_connection AS character_set_connection, @@character_set_results AS character_set_results, @@character_set_server AS character_set_server, @@collation_server AS collation_server, @@collation_connection AS collation_connection, @@init_connect AS init_connect, @@interactive_timeout AS interactive_timeout, @@license AS license, @@lower_case_table_names AS lower_case_table_names, @@max_allowed_packet AS max_allowed_packet, @@net_write_timeout AS net_write_timeout, @@performance_schema AS performance_schema, @@sql_mode AS sql_mode, @@system_time_zone AS system_time_zone, @@time_zone AS time_zone, @@transaction_isolation AS transaction_isolation, @@wait_timeout AS wait_timeout
2023-04-07T14:13:25.991097Z	   37 Query	SET character_set_results = NULL
2023-04-07T14:13:25.992013Z	   37 Query	SET autocommit=1
2023-04-07T14:13:25.992813Z	   37 Query	SELECT @@session.transaction_read_only
2023-04-07T14:42:32.698243Z	   35 Quit	
2023-04-07T14:42:32.709670Z	   38 Connect	root@172.20.0.3 on production_move using SSL/TLS
2023-04-07T14:42:32.710605Z	   38 Query	/* mysql-connector-java-8.0.30 (Revision: 1de2fe873fe26189564c030a343885011412976a) */SELECT  @@session.auto_increment_increment AS auto_increment_increment, @@character_set_client AS character_set_client, @@character_set_connection AS character_set_connection, @@character_set_results AS character_set_results, @@character_set_server AS character_set_server, @@collation_server AS collation_server, @@collation_connection AS collation_connection, @@init_connect AS init_connect, @@interactive_timeout AS interactive_timeout, @@license AS license, @@lower_case_table_names AS lower_case_table_names, @@max_allowed_packet AS max_allowed_packet, @@net_write_timeout AS net_write_timeout, @@performance_schema AS performance_schema, @@sql_mode AS sql_mode, @@system_time_zone AS system_time_zone, @@time_zone AS time_zone, @@transaction_isolation AS transaction_isolation, @@wait_timeout AS wait_timeout
2023-04-07T14:42:32.711271Z	   38 Query	SET character_set_results = NULL
2023-04-07T14:42:32.711717Z	   38 Query	SET autocommit=1
2023-04-07T14:42:32.712162Z	   38 Query	SELECT @@session.transaction_read_only
2023-04-07T14:42:32.785476Z	   28 Quit	
2023-04-07T14:42:32.794585Z	   39 Connect	root@172.20.0.3 on production_move using SSL/TLS
2023-04-07T14:42:32.795125Z	   39 Query	/* mysql-connector-java-8.0.30 (Revision: 1de2fe873fe26189564c030a343885011412976a) */SELECT  @@session.auto_increment_increment AS auto_increment_increment, @@character_set_client AS character_set_client, @@character_set_connection AS character_set_connection, @@character_set_results AS character_set_results, @@character_set_server AS character_set_server, @@collation_server AS collation_server, @@collation_connection AS collation_connection, @@init_connect AS init_connect, @@interactive_timeout AS interactive_timeout, @@license AS license, @@lower_case_table_names AS lower_case_table_names, @@max_allowed_packet AS max_allowed_packet, @@net_write_timeout AS net_write_timeout, @@performance_schema AS performance_schema, @@sql_mode AS sql_mode, @@system_time_zone AS system_time_zone, @@time_zone AS time_zone, @@transaction_isolation AS transaction_isolation, @@wait_timeout AS wait_timeout
2023-04-07T14:42:32.795635Z	   39 Query	SET character_set_results = NULL
2023-04-07T14:42:32.795906Z	   39 Query	SET autocommit=1
2023-04-07T14:42:32.796363Z	   39 Query	SELECT @@session.transaction_read_only
2023-04-07T14:42:40.715550Z	   30 Quit	
2023-04-07T14:42:40.725062Z	   40 Connect	root@172.20.0.3 on production_move using SSL/TLS
2023-04-07T14:42:40.726245Z	   40 Query	/* mysql-connector-java-8.0.30 (Revision: 1de2fe873fe26189564c030a343885011412976a) */SELECT  @@session.auto_increment_increment AS auto_increment_increment, @@character_set_client AS character_set_client, @@character_set_connection AS character_set_connection, @@character_set_results AS character_set_results, @@character_set_server AS character_set_server, @@collation_server AS collation_server, @@collation_connection AS collation_connection, @@init_connect AS init_connect, @@interactive_timeout AS interactive_timeout, @@license AS license, @@lower_case_table_names AS lower_case_table_names, @@max_allowed_packet AS max_allowed_packet, @@net_write_timeout AS net_write_timeout, @@performance_schema AS performance_schema, @@sql_mode AS sql_mode, @@system_time_zone AS system_time_zone, @@time_zone AS time_zone, @@transaction_isolation AS transaction_isolation, @@wait_timeout AS wait_timeout
2023-04-07T14:42:40.726775Z	   40 Query	SET character_set_results = NULL
2023-04-07T14:42:40.727087Z	   40 Query	SET autocommit=1
2023-04-07T14:42:40.727367Z	   40 Query	SELECT @@session.transaction_read_only
2023-04-07T14:42:47.768523Z	   36 Quit	
2023-04-07T14:42:47.778589Z	   41 Connect	root@172.20.0.3 on production_move using SSL/TLS
2023-04-07T14:42:47.779226Z	   41 Query	/* mysql-connector-java-8.0.30 (Revision: 1de2fe873fe26189564c030a343885011412976a) */SELECT  @@session.auto_increment_increment AS auto_increment_increment, @@character_set_client AS character_set_client, @@character_set_connection AS character_set_connection, @@character_set_results AS character_set_results, @@character_set_server AS character_set_server, @@collation_server AS collation_server, @@collation_connection AS collation_connection, @@init_connect AS init_connect, @@interactive_timeout AS interactive_timeout, @@license AS license, @@lower_case_table_names AS lower_case_table_names, @@max_allowed_packet AS max_allowed_packet, @@net_write_timeout AS net_write_timeout, @@performance_schema AS performance_schema, @@sql_mode AS sql_mode, @@system_time_zone AS system_time_zone, @@time_zone AS time_zone, @@transaction_isolation AS transaction_isolation, @@wait_timeout AS wait_timeout
2023-04-07T14:42:47.779624Z	   41 Query	SET character_set_results = NULL
2023-04-07T14:42:47.779955Z	   41 Query	SET autocommit=1
2023-04-07T14:42:47.780235Z	   41 Query	SELECT @@session.transaction_read_only
2023-04-07T14:42:48.274822Z	   37 Quit	
2023-04-07T14:42:48.283980Z	   42 Connect	root@172.20.0.3 on production_move using SSL/TLS
2023-04-07T14:42:48.284404Z	   42 Query	/* mysql-connector-java-8.0.30 (Revision: 1de2fe873fe26189564c030a343885011412976a) */SELECT  @@session.auto_increment_increment AS auto_increment_increment, @@character_set_client AS character_set_client, @@character_set_connection AS character_set_connection, @@character_set_results AS character_set_results, @@character_set_server AS character_set_server, @@collation_server AS collation_server, @@collation_connection AS collation_connection, @@init_connect AS init_connect, @@interactive_timeout AS interactive_timeout, @@license AS license, @@lower_case_table_names AS lower_case_table_names, @@max_allowed_packet AS max_allowed_packet, @@net_write_timeout AS net_write_timeout, @@performance_schema AS performance_schema, @@sql_mode AS sql_mode, @@system_time_zone AS system_time_zone, @@time_zone AS time_zone, @@transaction_isolation AS transaction_isolation, @@wait_timeout AS wait_timeout
2023-04-07T14:42:48.284801Z	   42 Query	SET character_set_results = NULL
2023-04-07T14:42:48.285284Z	   42 Query	SET autocommit=1
2023-04-07T14:42:48.285542Z	   42 Query	SELECT @@session.transaction_read_only
2023-04-07T14:42:50.232782Z	   29 Quit	
2023-04-07T14:42:50.242733Z	   43 Connect	root@172.20.0.3 on production_move using SSL/TLS
2023-04-07T14:42:50.243315Z	   43 Query	/* mysql-connector-java-8.0.30 (Revision: 1de2fe873fe26189564c030a343885011412976a) */SELECT  @@session.auto_increment_increment AS auto_increment_increment, @@character_set_client AS character_set_client, @@character_set_connection AS character_set_connection, @@character_set_results AS character_set_results, @@character_set_server AS character_set_server, @@collation_server AS collation_server, @@collation_connection AS collation_connection, @@init_connect AS init_connect, @@interactive_timeout AS interactive_timeout, @@license AS license, @@lower_case_table_names AS lower_case_table_names, @@max_allowed_packet AS max_allowed_packet, @@net_write_timeout AS net_write_timeout, @@performance_schema AS performance_schema, @@sql_mode AS sql_mode, @@system_time_zone AS system_time_zone, @@time_zone AS time_zone, @@transaction_isolation AS transaction_isolation, @@wait_timeout AS wait_timeout
2023-04-07T14:42:50.243804Z	   43 Query	SET character_set_results = NULL
2023-04-07T14:42:50.244144Z	   43 Query	SET autocommit=1
2023-04-07T14:42:50.244451Z	   43 Query	SELECT @@session.transaction_read_only
2023-04-07T14:42:52.984273Z	   32 Quit	
2023-04-07T14:42:52.993582Z	   44 Connect	root@172.20.0.3 on production_move using SSL/TLS
2023-04-07T14:42:52.994040Z	   44 Query	/* mysql-connector-java-8.0.30 (Revision: 1de2fe873fe26189564c030a343885011412976a) */SELECT  @@session.auto_increment_increment AS auto_increment_increment, @@character_set_client AS character_set_client, @@character_set_connection AS character_set_connection, @@character_set_results AS character_set_results, @@character_set_server AS character_set_server, @@collation_server AS collation_server, @@collation_connection AS collation_connection, @@init_connect AS init_connect, @@interactive_timeout AS interactive_timeout, @@license AS license, @@lower_case_table_names AS lower_case_table_names, @@max_allowed_packet AS max_allowed_packet, @@net_write_timeout AS net_write_timeout, @@performance_schema AS performance_schema, @@sql_mode AS sql_mode, @@system_time_zone AS system_time_zone, @@time_zone AS time_zone, @@transaction_isolation AS transaction_isolation, @@wait_timeout AS wait_timeout
2023-04-07T14:42:52.994647Z	   44 Query	SET character_set_results = NULL
2023-04-07T14:42:52.994956Z	   44 Query	SET autocommit=1
2023-04-07T14:42:52.995277Z	   44 Query	SELECT @@session.transaction_read_only
2023-04-07T14:42:55.759917Z	   34 Quit	
2023-04-07T14:42:55.769015Z	   45 Connect	root@172.20.0.3 on production_move using SSL/TLS
2023-04-07T14:42:55.769947Z	   45 Query	/* mysql-connector-java-8.0.30 (Revision: 1de2fe873fe26189564c030a343885011412976a) */SELECT  @@session.auto_increment_increment AS auto_increment_increment, @@character_set_client AS character_set_client, @@character_set_connection AS character_set_connection, @@character_set_results AS character_set_results, @@character_set_server AS character_set_server, @@collation_server AS collation_server, @@collation_connection AS collation_connection, @@init_connect AS init_connect, @@interactive_timeout AS interactive_timeout, @@license AS license, @@lower_case_table_names AS lower_case_table_names, @@max_allowed_packet AS max_allowed_packet, @@net_write_timeout AS net_write_timeout, @@performance_schema AS performance_schema, @@sql_mode AS sql_mode, @@system_time_zone AS system_time_zone, @@time_zone AS time_zone, @@transaction_isolation AS transaction_isolation, @@wait_timeout AS wait_timeout
2023-04-07T14:42:55.770605Z	   45 Query	SET character_set_results = NULL
2023-04-07T14:42:55.770893Z	   45 Query	SET autocommit=1
2023-04-07T14:42:55.771232Z	   45 Query	SELECT @@session.transaction_read_only
2023-04-07T14:42:59.500654Z	   31 Quit	
2023-04-07T14:42:59.510061Z	   46 Connect	root@172.20.0.3 on production_move using SSL/TLS
2023-04-07T14:42:59.510651Z	   46 Query	/* mysql-connector-java-8.0.30 (Revision: 1de2fe873fe26189564c030a343885011412976a) */SELECT  @@session.auto_increment_increment AS auto_increment_increment, @@character_set_client AS character_set_client, @@character_set_connection AS character_set_connection, @@character_set_results AS character_set_results, @@character_set_server AS character_set_server, @@collation_server AS collation_server, @@collation_connection AS collation_connection, @@init_connect AS init_connect, @@interactive_timeout AS interactive_timeout, @@license AS license, @@lower_case_table_names AS lower_case_table_names, @@max_allowed_packet AS max_allowed_packet, @@net_write_timeout AS net_write_timeout, @@performance_schema AS performance_schema, @@sql_mode AS sql_mode, @@system_time_zone AS system_time_zone, @@time_zone AS time_zone, @@transaction_isolation AS transaction_isolation, @@wait_timeout AS wait_timeout
2023-04-07T14:42:59.511186Z	   46 Query	SET character_set_results = NULL
2023-04-07T14:42:59.511525Z	   46 Query	SET autocommit=1
2023-04-07T14:42:59.511796Z	   46 Query	SELECT @@session.transaction_read_only
2023-04-07T14:42:59.522576Z	   33 Quit	
2023-04-07T14:42:59.531558Z	   47 Connect	root@172.20.0.3 on production_move using SSL/TLS
2023-04-07T14:42:59.532133Z	   47 Query	/* mysql-connector-java-8.0.30 (Revision: 1de2fe873fe26189564c030a343885011412976a) */SELECT  @@session.auto_increment_increment AS auto_increment_increment, @@character_set_client AS character_set_client, @@character_set_connection AS character_set_connection, @@character_set_results AS character_set_results, @@character_set_server AS character_set_server, @@collation_server AS collation_server, @@collation_connection AS collation_connection, @@init_connect AS init_connect, @@interactive_timeout AS interactive_timeout, @@license AS license, @@lower_case_table_names AS lower_case_table_names, @@max_allowed_packet AS max_allowed_packet, @@net_write_timeout AS net_write_timeout, @@performance_schema AS performance_schema, @@sql_mode AS sql_mode, @@system_time_zone AS system_time_zone, @@time_zone AS time_zone, @@transaction_isolation AS transaction_isolation, @@wait_timeout AS wait_timeout
2023-04-07T14:42:59.532644Z	   47 Query	SET character_set_results = NULL
2023-04-07T14:42:59.532832Z	   47 Query	SET autocommit=1
2023-04-07T14:42:59.533095Z	   47 Query	SELECT @@session.transaction_read_only
