/usr/sbin/mysqld, Version: 8.0.32 (MySQL Community Server - GPL). started with:
Tcp port: 3306  Unix socket: /var/run/mysqld/mysqld.sock
Time                 Id Command    Argument
# Time: 2023-04-07T13:13:49.214586Z
# User@Host: root[root] @  [172.20.0.3]  Id:     8
# Query_time: 0.008403  Lock_time: 0.000002 Rows_sent: 0  Rows_examined: 2
use production_move;
SET timestamp=1680873229;
INSERT INTO role (id, code, name) SELECT * FROM (SELECT '1' as id, 'ADMIN' as code, 'ADMIN' as name) AS tmp WHERE NOT EXISTS (SELECT code FROM role WHERE code = 'ADMIN') LIMIT 1;
# Time: 2023-04-07T13:13:49.215896Z
# User@Host: root[root] @  [172.20.0.3]  Id:     8
# Query_time: 0.000229  Lock_time: 0.000002 Rows_sent: 0  Rows_examined: 3
SET timestamp=1680873229;
INSERT INTO role (id, code, name) SELECT * FROM (SELECT '2' as id, 'DISTRIBUTION_AGENT' as code, 'DISTRIBUTION AGENT' as name) AS tmp WHERE NOT EXISTS (SELECT code FROM role WHERE code = 'DISTRIBUTION_AGENT') LIMIT 1;
# Time: 2023-04-07T13:13:49.216707Z
# User@Host: root[root] @  [172.20.0.3]  Id:     8
# Query_time: 0.000184  Lock_time: 0.000002 Rows_sent: 0  Rows_examined: 4
SET timestamp=1680873229;
INSERT INTO role (id, code, name) SELECT * FROM (SELECT '3' as id, 'FACTORY' as code, 'FACTORY' as name) AS tmp WHERE NOT EXISTS (SELECT code FROM role WHERE code = 'FACTORY') LIMIT 1;
# Time: 2023-04-07T13:13:49.217368Z
# User@Host: root[root] @  [172.20.0.3]  Id:     8
# Query_time: 0.000128  Lock_time: 0.000001 Rows_sent: 0  Rows_examined: 5
SET timestamp=1680873229;
INSERT INTO role (id, code, name) SELECT * FROM (SELECT '4' as id, 'SERVICE_CENTER' as code, 'SERVICE CENTER' as name) AS tmp WHERE NOT EXISTS (SELECT code FROM role WHERE code = 'SERVICE_CENTER') LIMIT 1;
# Time: 2023-04-07T13:14:04.029301Z
# User@Host: root[root] @  [172.20.0.3]  Id:     8
# Query_time: 0.004282  Lock_time: 0.000009 Rows_sent: 2  Rows_examined: 645
SET timestamp=1680873244;
SELECT DISTINCT A.REFERENCED_TABLE_SCHEMA AS PKTABLE_CAT,NULL AS PKTABLE_SCHEM, A.REFERENCED_TABLE_NAME AS PKTABLE_NAME, A.REFERENCED_COLUMN_NAME AS PKCOLUMN_NAME, A.TABLE_SCHEMA AS FKTABLE_CAT, NULL AS FKTABLE_SCHEM, A.TABLE_NAME AS FKTABLE_NAME, A.COLUMN_NAME AS FKCOLUMN_NAME, A.ORDINAL_POSITION AS KEY_SEQ,CASE WHEN R.UPDATE_RULE='CASCADE' THEN 0 WHEN R.UPDATE_RULE='SET NULL' THEN 2 WHEN R.UPDATE_RULE='SET DEFAULT' THEN 4 WHEN R.UPDATE_RULE='RESTRICT' THEN 1 WHEN R.UPDATE_RULE='NO ACTION' THEN 1 ELSE 1 END  AS UPDATE_RULE,CASE WHEN R.DELETE_RULE='CASCADE' THEN 0 WHEN R.DELETE_RULE='SET NULL' THEN 2 WHEN R.DELETE_RULE='SET DEFAULT' THEN 4 WHEN R.DELETE_RULE='RESTRICT' THEN 1 WHEN R.DELETE_RULE='NO ACTION' THEN 1 ELSE 1 END  AS DELETE_RULE, A.CONSTRAINT_NAME AS FK_NAME, R.UNIQUE_CONSTRAINT_NAME AS PK_NAME,7 AS DEFERRABILITY FROM INFORMATION_SCHEMA.KEY_COLUMN_USAGE A JOIN INFORMATION_SCHEMA.TABLE_CONSTRAINTS B USING (CONSTRAINT_NAME, TABLE_NAME) JOIN INFORMATION_SCHEMA.REFERENTIAL_CONSTRAINTS R ON (R.CONSTRAINT_NAME = B.CONSTRAINT_NAME AND R.TABLE_NAME = B.TABLE_NAME AND R.CONSTRAINT_SCHEMA = B.TABLE_SCHEMA) WHERE B.CONSTRAINT_TYPE = 'FOREIGN KEY' AND A.TABLE_SCHEMA = 'production_move' AND A.TABLE_NAME='product' AND A.REFERENCED_TABLE_SCHEMA IS NOT NULL ORDER BY A.REFERENCED_TABLE_SCHEMA, A.REFERENCED_TABLE_NAME, A.ORDINAL_POSITION;
# Time: 2023-04-07T13:14:04.076345Z
# User@Host: root[root] @  [172.20.0.3]  Id:     8
# Query_time: 0.002878  Lock_time: 0.000003 Rows_sent: 3  Rows_examined: 763
SET timestamp=1680873244;
SELECT DISTINCT A.REFERENCED_TABLE_SCHEMA AS PKTABLE_CAT,NULL AS PKTABLE_SCHEM, A.REFERENCED_TABLE_NAME AS PKTABLE_NAME, A.REFERENCED_COLUMN_NAME AS PKCOLUMN_NAME, A.TABLE_SCHEMA AS FKTABLE_CAT, NULL AS FKTABLE_SCHEM, A.TABLE_NAME AS FKTABLE_NAME, A.COLUMN_NAME AS FKCOLUMN_NAME, A.ORDINAL_POSITION AS KEY_SEQ,CASE WHEN R.UPDATE_RULE='CASCADE' THEN 0 WHEN R.UPDATE_RULE='SET NULL' THEN 2 WHEN R.UPDATE_RULE='SET DEFAULT' THEN 4 WHEN R.UPDATE_RULE='RESTRICT' THEN 1 WHEN R.UPDATE_RULE='NO ACTION' THEN 1 ELSE 1 END  AS UPDATE_RULE,CASE WHEN R.DELETE_RULE='CASCADE' THEN 0 WHEN R.DELETE_RULE='SET NULL' THEN 2 WHEN R.DELETE_RULE='SET DEFAULT' THEN 4 WHEN R.DELETE_RULE='RESTRICT' THEN 1 WHEN R.DELETE_RULE='NO ACTION' THEN 1 ELSE 1 END  AS DELETE_RULE, A.CONSTRAINT_NAME AS FK_NAME, R.UNIQUE_CONSTRAINT_NAME AS PK_NAME,7 AS DEFERRABILITY FROM INFORMATION_SCHEMA.KEY_COLUMN_USAGE A JOIN INFORMATION_SCHEMA.TABLE_CONSTRAINTS B USING (CONSTRAINT_NAME, TABLE_NAME) JOIN INFORMATION_SCHEMA.REFERENTIAL_CONSTRAINTS R ON (R.CONSTRAINT_NAME = B.CONSTRAINT_NAME AND R.TABLE_NAME = B.TABLE_NAME AND R.CONSTRAINT_SCHEMA = B.TABLE_SCHEMA) WHERE B.CONSTRAINT_TYPE = 'FOREIGN KEY' AND A.TABLE_SCHEMA = 'production_move' AND A.TABLE_NAME='user' AND A.REFERENCED_TABLE_SCHEMA IS NOT NULL ORDER BY A.REFERENCED_TABLE_SCHEMA, A.REFERENCED_TABLE_NAME, A.ORDINAL_POSITION;
